Using pre-set license
Built from '2021.3/staging' branch; Version is '2021.3.8f1 (b30333d56e81) revision 11731763'; Using compiler version '192829333'; Build Type 'Release'
OS: 'Windows 10  (10.0.19045) 64bit Core' Language: 'en' Physical Memory: 16145 MB
BatchMode: 1, IsHumanControllingUs: 0, StartBugReporterOnCrash: 0, Is64bit: 1, IsPro: 1

COMMAND LINE ARGUMENTS:
C:\Program Files\Unity\Hub\Editor\2021.3.8f1\Editor\Unity.exe
-adb2
-batchMode
-noUpm
-name
AssetImportWorker5
-projectPath
C:/repos/CarProj/My project
-logFile
Logs/AssetImportWorker5.log
-srvPort
50538
Successfully changed project path to: C:/repos/CarProj/My project
C:/repos/CarProj/My project
[UnityMemory] Configuration Parameters - Can be set up in boot.config
    "memorysetup-bucket-allocator-granularity=16"
    "memorysetup-bucket-allocator-bucket-count=8"
    "memorysetup-bucket-allocator-block-size=33554432"
    "memorysetup-bucket-allocator-block-count=8"
    "memorysetup-main-allocator-block-size=16777216"
    "memorysetup-thread-allocator-block-size=16777216"
    "memorysetup-gfx-main-allocator-block-size=16777216"
    "memorysetup-gfx-thread-allocator-block-size=16777216"
    "memorysetup-cache-allocator-block-size=4194304"
    "memorysetup-typetree-allocator-block-size=2097152"
    "memorysetup-profiler-bucket-allocator-granularity=16"
    "memorysetup-profiler-bucket-allocator-bucket-count=8"
    "memorysetup-profiler-bucket-allocator-block-size=33554432"
    "memorysetup-profiler-bucket-allocator-block-count=8"
    "memorysetup-profiler-allocator-block-size=16777216"
    "memorysetup-profiler-editor-allocator-block-size=1048576"
    "memorysetup-temp-allocator-size-main=16777216"
    "memorysetup-job-temp-allocator-block-size=2097152"
    "memorysetup-job-temp-allocator-block-size-background=1048576"
    "memorysetup-job-temp-allocator-reduction-small-platforms=262144"
    "memorysetup-temp-allocator-size-background-worker=32768"
    "memorysetup-temp-allocator-size-job-worker=262144"
    "memorysetup-temp-allocator-size-preload-manager=33554432"
    "memorysetup-temp-allocator-size-nav-mesh-worker=65536"
    "memorysetup-temp-allocator-size-audio-worker=65536"
    "memorysetup-temp-allocator-size-cloud-worker=32768"
    "memorysetup-temp-allocator-size-gi-baking-worker=262144"
    "memorysetup-temp-allocator-size-gfx=262144"
Refreshing native plugins compatible for Editor in 101.15 ms, found 3 plugins.
Preloading 0 native plugins for Editor in 0.00 ms.
Initialize engine version: 2021.3.8f1 (b30333d56e81)
[Subsystems] Discovering subsystems at path C:/Program Files/Unity/Hub/Editor/2021.3.8f1/Editor/Data/Resources/UnitySubsystems
[Subsystems] Discovering subsystems at path C:/repos/CarProj/My project/Assets
GfxDevice: creating device client; threaded=0; jobified=0
Direct3D:
    Version:  Direct3D 11.0 [level 11.1]
    Renderer: NVIDIA GeForce RTX 2060 (ID=0x1f15)
    Vendor:   NVIDIA
    VRAM:     5968 MB
    Driver:   31.0.15.3713
Initialize mono
Mono path[0] = 'C:/Program Files/Unity/Hub/Editor/2021.3.8f1/Editor/Data/Managed'
Mono path[1] = 'C:/Program Files/Unity/Hub/Editor/2021.3.8f1/Editor/Data/MonoBleedingEdge/lib/mono/unityjit-win32'
Mono config path = 'C:/Program Files/Unity/Hub/Editor/2021.3.8f1/Editor/Data/MonoBleedingEdge/etc'
Using monoOptions --debugger-agent=transport=dt_socket,embedding=1,server=y,suspend=n,address=127.0.0.1:56360
Begin MonoManager ReloadAssembly
Registering precompiled unity dll's ...
Register platform support module: C:/Program Files/Unity/Hub/Editor/2021.3.8f1/Editor/Data/PlaybackEngines/WebGLSupport/UnityEditor.WebGL.Extensions.dll
Register platform support module: C:/Program Files/Unity/Hub/Editor/2021.3.8f1/Editor/Data/PlaybackEngines/WindowsStandaloneSupport/UnityEditor.WindowsStandalone.Extensions.dll
Registered in 0.009589 seconds.
Native extension for WindowsStandalone target not found
Native extension for WebGL target not found
Refreshing native plugins compatible for Editor in 105.90 ms, found 3 plugins.
Preloading 0 native plugins for Editor in 0.00 ms.
Mono: successfully reloaded assembly
- Completed reload, in  0.680 seconds
Domain Reload Profiling:
	ReloadAssembly (680ms)
		BeginReloadAssembly (94ms)
			ExecutionOrderSort (0ms)
			DisableScriptedObjects (0ms)
			BackupInstance (0ms)
			ReleaseScriptingObjects (0ms)
			CreateAndSetChildDomain (1ms)
		EndReloadAssembly (469ms)
			LoadAssemblies (90ms)
			RebuildTransferFunctionScriptingTraits (0ms)
			SetupTypeCache (102ms)
			ReleaseScriptCaches (0ms)
			RebuildScriptCaches (27ms)
			SetupLoadedEditorAssemblies (291ms)
				LogAssemblyErrors (0ms)
				InitializePlatformSupportModulesInManaged (9ms)
				SetLoadedEditorAssemblies (0ms)
				RefreshPlugins (106ms)
				BeforeProcessingInitializeOnLoad (1ms)
				ProcessInitializeOnLoadAttributes (132ms)
				ProcessInitializeOnLoadMethodAttributes (43ms)
				AfterProcessingInitializeOnLoad (0ms)
				EditorAssembliesLoaded (0ms)
			ExecutionOrderSort2 (0ms)
			AwakeInstancesAfterBackupRestoration (0ms)
Platform modules already initialized, skipping
Registering precompiled user dll's ...
Registered in 0.007080 seconds.
Begin MonoManager ReloadAssembly
Symbol file LoadedFromMemory doesn't match image C:\repos\CarProj\My project\Library\PackageCache\com.unity.visualscripting@1.7.8\Editor\VisualScripting.Core\Dependencies\YamlDotNet\Unity.VisualScripting.YamlDotNet.dll
Symbol file LoadedFromMemory doesn't match image C:\repos\CarProj\My project\Library\PackageCache\com.unity.visualscripting@1.7.8\Editor\VisualScripting.Core\Dependencies\DotNetZip\Unity.VisualScripting.IonicZip.dll
Native extension for WindowsStandalone target not found
Native extension for WebGL target not found
Refreshing native plugins compatible for Editor in 0.59 ms, found 3 plugins.
Preloading 0 native plugins for Editor in 0.00 ms.
Mono: successfully reloaded assembly
- Completed reload, in  1.009 seconds
Domain Reload Profiling:
	ReloadAssembly (1010ms)
		BeginReloadAssembly (107ms)
			ExecutionOrderSort (0ms)
			DisableScriptedObjects (5ms)
			BackupInstance (0ms)
			ReleaseScriptingObjects (0ms)
			CreateAndSetChildDomain (18ms)
		EndReloadAssembly (785ms)
			LoadAssemblies (83ms)
			RebuildTransferFunctionScriptingTraits (0ms)
			SetupTypeCache (251ms)
			ReleaseScriptCaches (1ms)
			RebuildScriptCaches (46ms)
			SetupLoadedEditorAssemblies (369ms)
				LogAssemblyErrors (0ms)
				InitializePlatformSupportModulesInManaged (7ms)
				SetLoadedEditorAssemblies (0ms)
				RefreshPlugins (1ms)
				BeforeProcessingInitializeOnLoad (89ms)
				ProcessInitializeOnLoadAttributes (234ms)
				ProcessInitializeOnLoadMethodAttributes (28ms)
				AfterProcessingInitializeOnLoad (9ms)
				EditorAssembliesLoaded (0ms)
			ExecutionOrderSort2 (0ms)
			AwakeInstancesAfterBackupRestoration (7ms)
Platform modules already initialized, skipping
========================================================================
Worker process is ready to serve import requests
Launched and connected shader compiler UnityShaderCompiler.exe after 0.05 seconds
Refreshing native plugins compatible for Editor in 0.60 ms, found 3 plugins.
Preloading 0 native plugins for Editor in 0.00 ms.
Unloading 3445 Unused Serialized files (Serialized files now loaded: 0)
Unloading 26 unused Assets / (86.4 KB). Loaded Objects now: 3926.
Memory consumption went from 134.1 MB to 134.0 MB.
Total: 3.363400 ms (FindLiveObjects: 0.247300 ms CreateObjectMapping: 0.241800 ms MarkObjects: 2.796900 ms  DeleteObjects: 0.076600 ms)

AssetImportParameters requested are different than current active one (requested -> active):
  custom:video-decoder-ogg-theora: a1e56fd34408186e4bbccfd4996cb3dc -> 
  custom:container-muxer-webm: aa71ff27fc2769a1b78a27578f13a17b -> 
  custom:container-demuxer-webm: 4f35f7cbe854078d1ac9338744f61a02 -> 
  custom:video-encoder-webm-vp8: eb34c28f22e8b96e1ab97ce403110664 -> 
  custom:audio-encoder-webm-vorbis: bf7c407c2cedff20999df2af8eb42d56 -> 
  custom:framework-win-MediaFoundation: 216162199b28c13a410421893ffa2e32 -> 
  custom:container-demuxer-ogg: 62fdf1f143b41e24485cea50d1cbac27 -> 
  custom:video-decoder-webm-vp8: 9c59270c3fd7afecdb556c50c9e8de78 -> 
  custom:audio-decoder-ogg-vorbis: bf7c407c2cedff20999df2af8eb42d56 -> 
========================================================================
Received Import Request.
  Time since last request: 49199.948743 seconds.
  path: Assets/RealisticEngineSound/Assets/Prefabs/Turbo_Prefabs/Mobile/Interior/TurboCharger_mob_int_2.prefab
  artifactKey: Guid(bad2dc9fa6b494f49a3ac3acb09d84aa) Importer(815301076,1909f56bfc062723c751e8b465ee728b)
Start importing Assets/RealisticEngineSound/Assets/Prefabs/Turbo_Prefabs/Mobile/Interior/TurboCharger_mob_int_2.prefab using Guid(bad2dc9fa6b494f49a3ac3acb09d84aa) Importer(815301076,1909f56bfc062723c751e8b465ee728b)  -> (artifact id: '555b467400a5497586c3bf116ea8d67d') in 0.042862 seconds 
========================================================================
Received Import Request.
  Time since last request: 0.000024 seconds.
  path: Assets/RealisticEngineSound/Assets/Prefabs/Engine_Prefabs/V8_american_modern.prefab
  artifactKey: Guid(627ab1e1ba698c740982f98b18357e0d) Importer(815301076,1909f56bfc062723c751e8b465ee728b)
Start importing Assets/RealisticEngineSound/Assets/Prefabs/Engine_Prefabs/V8_american_modern.prefab using Guid(627ab1e1ba698c740982f98b18357e0d) Importer(815301076,1909f56bfc062723c751e8b465ee728b)  -> (artifact id: '2c1f4fcd9151a352d2bfe2bb29a7e801') in 0.010560 seconds 
========================================================================
Received Import Request.
  Time since last request: 0.000033 seconds.
  path: Assets/RealisticEngineSound/Assets/Prefabs/Engine_Prefabs/Mobile/Mobile_Interior/V8_american_classic_interior.prefab
  artifactKey: Guid(71b5585f75cac4f47ba0fda24df3f74a) Importer(815301076,1909f56bfc062723c751e8b465ee728b)
Start importing Assets/RealisticEngineSound/Assets/Prefabs/Engine_Prefabs/Mobile/Mobile_Interior/V8_american_classic_interior.prefab using Guid(71b5585f75cac4f47ba0fda24df3f74a) Importer(815301076,1909f56bfc062723c751e8b465ee728b)  -> (artifact id: 'c4eb386bc2ef519f316a002df9714f9a') in 0.011484 seconds 
========================================================================
Received Import Request.
  Time since last request: 0.000028 seconds.
  path: Assets/RealisticEngineSound/Assets/Prefabs/RCC_V3_prefabs/Mobile/Interior/V8_american_classic_interior.prefab
  artifactKey: Guid(75fed6106cb043b429cb68c9b7e77be8) Importer(815301076,1909f56bfc062723c751e8b465ee728b)
Start importing Assets/RealisticEngineSound/Assets/Prefabs/RCC_V3_prefabs/Mobile/Interior/V8_american_classic_interior.prefab using Guid(75fed6106cb043b429cb68c9b7e77be8) Importer(815301076,1909f56bfc062723c751e8b465ee728b)  -> (artifact id: '37a253c941125ea961dace438c5d3df2') in 0.005761 seconds 
========================================================================
Received Import Request.
  Time since last request: 0.000033 seconds.
  path: Assets/RealisticEngineSound/Assets/Prefabs/Engine_Prefabs/Interior/V8_american_classic_interior.prefab
  artifactKey: Guid(5ebb2ba05e6f82f47a6b671c8a3c258b) Importer(815301076,1909f56bfc062723c751e8b465ee728b)
Start importing Assets/RealisticEngineSound/Assets/Prefabs/Engine_Prefabs/Interior/V8_american_classic_interior.prefab using Guid(5ebb2ba05e6f82f47a6b671c8a3c258b) Importer(815301076,1909f56bfc062723c751e8b465ee728b)  -> (artifact id: '6798fd7c16471f4fe3cd771678752fc4') in 0.006962 seconds 
========================================================================
Received Import Request.
  Time since last request: 0.037559 seconds.
  path: Assets/RealisticEngineSound/Assets/Prefabs/RCC_V3_prefabs/v8_italian.prefab
  artifactKey: Guid(5a32a90995f2dd74aa9278d89e3845fc) Importer(815301076,1909f56bfc062723c751e8b465ee728b)
Start importing Assets/RealisticEngineSound/Assets/Prefabs/RCC_V3_prefabs/v8_italian.prefab using Guid(5a32a90995f2dd74aa9278d89e3845fc) Importer(815301076,1909f56bfc062723c751e8b465ee728b)  -> (artifact id: '4e520d5c00a98ecad7ad8bf4ef4ac19b') in 0.005398 seconds 
========================================================================
Received Import Request.
  Time since last request: 0.000017 seconds.
  path: Assets/RealisticEngineSound/Assets/Prefabs/RCC_V3_prefabs/v8_italian_f355.prefab
  artifactKey: Guid(405159b5507741d49b9c227ac9984311) Importer(815301076,1909f56bfc062723c751e8b465ee728b)
Start importing Assets/RealisticEngineSound/Assets/Prefabs/RCC_V3_prefabs/v8_italian_f355.prefab using Guid(405159b5507741d49b9c227ac9984311) Importer(815301076,1909f56bfc062723c751e8b465ee728b)  -> (artifact id: 'cd613563bfd87a912e92c104ef77b550') in 0.005958 seconds 
========================================================================
Received Import Request.
  Time since last request: 0.000017 seconds.
  path: Assets/RealisticEngineSound/Assets/Prefabs/RCC_V3_prefabs/v10_german.prefab
  artifactKey: Guid(bdc76af96b512574695152ab788b66ac) Importer(815301076,1909f56bfc062723c751e8b465ee728b)
Start importing Assets/RealisticEngineSound/Assets/Prefabs/RCC_V3_prefabs/v10_german.prefab using Guid(bdc76af96b512574695152ab788b66ac) Importer(815301076,1909f56bfc062723c751e8b465ee728b)  -> (artifact id: 'd5503d917fe370743ef27cbc15e6bdf9') in 0.006169 seconds 
========================================================================
Received Import Request.
  Time since last request: 0.000019 seconds.
  path: Assets/RealisticEngineSound/Assets/Prefabs/Engine_Prefabs/Interior/v8_italian_f355_interior.prefab
  artifactKey: Guid(3e967086aef020a45b4fc38a1d04e3ab) Importer(815301076,1909f56bfc062723c751e8b465ee728b)
Start importing Assets/RealisticEngineSound/Assets/Prefabs/Engine_Prefabs/Interior/v8_italian_f355_interior.prefab using Guid(3e967086aef020a45b4fc38a1d04e3ab) Importer(815301076,1909f56bfc062723c751e8b465ee728b)  -> (artifact id: 'fd42da1f77be4d0e70ea5d12a8aba8bd') in 0.005919 seconds 
========================================================================
Received Import Request.
  Time since last request: 0.000015 seconds.
  path: Assets/RealisticEngineSound/Assets/Prefabs/RCC_V3_prefabs/Mobile/v10_german.prefab
  artifactKey: Guid(8a46c7d83f67e0243942f9cbc3e24505) Importer(815301076,1909f56bfc062723c751e8b465ee728b)
Start importing Assets/RealisticEngineSound/Assets/Prefabs/RCC_V3_prefabs/Mobile/v10_german.prefab using Guid(8a46c7d83f67e0243942f9cbc3e24505) Importer(815301076,1909f56bfc062723c751e8b465ee728b)  -> (artifact id: 'c45d1af2dd08efbebd11cb1f2fb7bf1b') in 0.005836 seconds 
========================================================================
Received Import Request.
  Time since last request: 0.000016 seconds.
  path: Assets/RealisticEngineSound/Assets/Prefabs/Engine_Prefabs/v10_german.prefab
  artifactKey: Guid(8d4b21bbe6f3deb46bf95df04e0bd47c) Importer(815301076,1909f56bfc062723c751e8b465ee728b)
Start importing Assets/RealisticEngineSound/Assets/Prefabs/Engine_Prefabs/v10_german.prefab using Guid(8d4b21bbe6f3deb46bf95df04e0bd47c) Importer(815301076,1909f56bfc062723c751e8b465ee728b)  -> (artifact id: 'c12d6e0be2a23a3587383c98ff5c9d5c') in 0.006203 seconds 
========================================================================
Received Import Request.
  Time since last request: 0.000018 seconds.
  path: Assets/RealisticEngineSound/Assets/Prefabs/RCC_V3_prefabs/Interior/v8_italian_f355_interior.prefab
  artifactKey: Guid(0830db574890e3548b3bd3803aad0380) Importer(815301076,1909f56bfc062723c751e8b465ee728b)
Start importing Assets/RealisticEngineSound/Assets/Prefabs/RCC_V3_prefabs/Interior/v8_italian_f355_interior.prefab using Guid(0830db574890e3548b3bd3803aad0380) Importer(815301076,1909f56bfc062723c751e8b465ee728b)  -> (artifact id: 'b5b2e0b027aad4c716a3e6d9c5661d1d') in 0.005392 seconds 
========================================================================
Received Import Request.
  Time since last request: 11.529232 seconds.
  path: Assets/RealisticEngineSound/Assets/Prefabs/Engine_Prefabs/Interior/v10_german_interior.prefab
  artifactKey: Guid(db77024dfe93cd54a9f6fca6605e2b0b) Importer(815301076,1909f56bfc062723c751e8b465ee728b)
Start importing Assets/RealisticEngineSound/Assets/Prefabs/Engine_Prefabs/Interior/v10_german_interior.prefab using Guid(db77024dfe93cd54a9f6fca6605e2b0b) Importer(815301076,1909f56bfc062723c751e8b465ee728b)  -> (artifact id: 'f01589625ee957db96b061a4f8d18f4a') in 0.006595 seconds 
========================================================================
Received Import Request.
  Time since last request: 0.000017 seconds.
  path: Assets/RealisticEngineSound/Assets/Prefabs/RCC_V3_prefabs/v10_italian.prefab
  artifactKey: Guid(ae90ea875836a2b40bccf764919e20cb) Importer(815301076,1909f56bfc062723c751e8b465ee728b)
Start importing Assets/RealisticEngineSound/Assets/Prefabs/RCC_V3_prefabs/v10_italian.prefab using Guid(ae90ea875836a2b40bccf764919e20cb) Importer(815301076,1909f56bfc062723c751e8b465ee728b)  -> (artifact id: '2873a2ff59b865ec008e74d71bd51c72') in 0.006773 seconds 
========================================================================
Received Import Request.
  Time since last request: 0.000015 seconds.
  path: Assets/RealisticEngineSound/Assets/Prefabs/RCC_V3_prefabs/Mobile/v10_italian.prefab
  artifactKey: Guid(a7a8836b48b560a4eb54a43938947f17) Importer(815301076,1909f56bfc062723c751e8b465ee728b)
Start importing Assets/RealisticEngineSound/Assets/Prefabs/RCC_V3_prefabs/Mobile/v10_italian.prefab using Guid(a7a8836b48b560a4eb54a43938947f17) Importer(815301076,1909f56bfc062723c751e8b465ee728b)  -> (artifact id: 'c8f37ce824d4d1498c3f8c167c0c8104') in 0.005470 seconds 
========================================================================
Received Import Request.
  Time since last request: 0.000018 seconds.
  path: Assets/RealisticEngineSound/Assets/Prefabs/Engine_Prefabs/Mobile/v10_italian.prefab
  artifactKey: Guid(a44cb895daa2aa4488514802b331c970) Importer(815301076,1909f56bfc062723c751e8b465ee728b)
Start importing Assets/RealisticEngineSound/Assets/Prefabs/Engine_Prefabs/Mobile/v10_italian.prefab using Guid(a44cb895daa2aa4488514802b331c970) Importer(815301076,1909f56bfc062723c751e8b465ee728b)  -> (artifact id: 'bc19f8af383bd5834a5b08908c274fb0') in 0.004970 seconds 
========================================================================
Received Import Request.
  Time since last request: 34889.378329 seconds.
  path: Assets/FlamingSands_Cars/sport_car_1/sport_car_1.prefab
  artifactKey: Guid(11162c9a6f982554aa6f8af2757c0e0c) Importer(815301076,1909f56bfc062723c751e8b465ee728b)
Start importing Assets/FlamingSands_Cars/sport_car_1/sport_car_1.prefab using Guid(11162c9a6f982554aa6f8af2757c0e0c) Importer(815301076,1909f56bfc062723c751e8b465ee728b)  -> (artifact id: '3f993d9b1693fec15228422bc204fc07') in 0.141866 seconds 
========================================================================
Received Import Request.
  Time since last request: 0.000020 seconds.
  path: Assets/FlamingSands_Cars/sport_car_1/sport_car_1_collision.fbx
  artifactKey: Guid(f5f22b36f6646c542b2676a7d8877048) Importer(815301076,1909f56bfc062723c751e8b465ee728b)
Start importing Assets/FlamingSands_Cars/sport_car_1/sport_car_1_collision.fbx using Guid(f5f22b36f6646c542b2676a7d8877048) Importer(815301076,1909f56bfc062723c751e8b465ee728b)  -> (artifact id: '3207b3c4b06e834bf6fae1959771dd27') in 0.144856 seconds 
========================================================================
Received Import Request.
  Time since last request: 0.000032 seconds.
  path: Assets/FlamingSands_Cars/sport_car_1/sport_car_1_body_o.png
  artifactKey: Guid(f569c61ad0b983f44b853f66da991b28) Importer(815301076,1909f56bfc062723c751e8b465ee728b)
Start importing Assets/FlamingSands_Cars/sport_car_1/sport_car_1_body_o.png using Guid(f569c61ad0b983f44b853f66da991b28) Importer(815301076,1909f56bfc062723c751e8b465ee728b)  -> (artifact id: '6f771e42f44bfd83dbb594b2c33f115e') in 0.016709 seconds 
========================================================================
Received Import Request.
  Time since last request: 20.299404 seconds.
  path: Assets/FlamingSands_Cars/sport_car_1/sport_car_1.prefab
  artifactKey: Guid(11162c9a6f982554aa6f8af2757c0e0c) Importer(815301076,1909f56bfc062723c751e8b465ee728b)
Start importing Assets/FlamingSands_Cars/sport_car_1/sport_car_1.prefab using Guid(11162c9a6f982554aa6f8af2757c0e0c) Importer(815301076,1909f56bfc062723c751e8b465ee728b)  -> (artifact id: '4660ee29d9e08a487c03fadbebaa0fc7') in 0.072237 seconds 
========================================================================
Received Import Request.
  Time since last request: 0.000021 seconds.
  path: Assets/FlamingSands_Cars/sport_car_1/sport_car_1_collision.fbx
  artifactKey: Guid(f5f22b36f6646c542b2676a7d8877048) Importer(815301076,1909f56bfc062723c751e8b465ee728b)
Start importing Assets/FlamingSands_Cars/sport_car_1/sport_car_1_collision.fbx using Guid(f5f22b36f6646c542b2676a7d8877048) Importer(815301076,1909f56bfc062723c751e8b465ee728b)  -> (artifact id: '3f1be16fca579be016caffd74e476d76') in 0.066150 seconds 
========================================================================
Received Import Request.
  Time since last request: 40.807162 seconds.
  path: Assets/FlamingSands_Cars/sport_car_1/sport_car_1_custom.fbx
  artifactKey: Guid(0539f935f9cdea943b1c186e02c8976e) Importer(815301076,1909f56bfc062723c751e8b465ee728b)
Start importing Assets/FlamingSands_Cars/sport_car_1/sport_car_1_custom.fbx using Guid(0539f935f9cdea943b1c186e02c8976e) Importer(815301076,1909f56bfc062723c751e8b465ee728b)  -> (artifact id: 'da4b7110a5d73b2b23006ba87a155939') in 0.131433 seconds 
========================================================================
Received Import Request.
  Time since last request: 20.051744 seconds.
  path: Assets/FlamingSands_Cars/sport_car_1/Materials/sport_car_1_body_reflective.mat
  artifactKey: Guid(f834599deae512f49adc489e8034ff95) Importer(815301076,1909f56bfc062723c751e8b465ee728b)
Start importing Assets/FlamingSands_Cars/sport_car_1/Materials/sport_car_1_body_reflective.mat using Guid(f834599deae512f49adc489e8034ff95) Importer(815301076,1909f56bfc062723c751e8b465ee728b)  -> (artifact id: '75b848ee54299c2f7e2cb1f660e1db3e') in 0.073566 seconds 
========================================================================
Received Import Request.
  Time since last request: 0.000025 seconds.
  path: Assets/FlamingSands_Cars/sport_car_1/Materials/sport_car_1_interior.mat
  artifactKey: Guid(f55272d069324344c950780a1a696e2e) Importer(815301076,1909f56bfc062723c751e8b465ee728b)
Start importing Assets/FlamingSands_Cars/sport_car_1/Materials/sport_car_1_interior.mat using Guid(f55272d069324344c950780a1a696e2e) Importer(815301076,1909f56bfc062723c751e8b465ee728b)  -> (artifact id: 'c82e542f1013013fcf0598ac35a6f660') in 0.012305 seconds 
========================================================================
Received Import Request.
  Time since last request: 0.000031 seconds.
  path: Assets/FlamingSands_Cars/sport_car_1/Materials/sport_car_1_custom_body_reflective.mat
  artifactKey: Guid(4894cd82e0d96ab42833185f7a15811d) Importer(815301076,1909f56bfc062723c751e8b465ee728b)
Start importing Assets/FlamingSands_Cars/sport_car_1/Materials/sport_car_1_custom_body_reflective.mat using Guid(4894cd82e0d96ab42833185f7a15811d) Importer(815301076,1909f56bfc062723c751e8b465ee728b)  -> (artifact id: '65dae429d2d1647246dca335a26723e3') in 0.013515 seconds 
========================================================================
Received Import Request.
  Time since last request: 0.000018 seconds.
  path: Assets/FlamingSands_Cars/sport_car_1/Materials/sport_car_1_lights_blinker_l.mat
  artifactKey: Guid(89013d6269c0c7b42bcab7267b48ad32) Importer(815301076,1909f56bfc062723c751e8b465ee728b)
Start importing Assets/FlamingSands_Cars/sport_car_1/Materials/sport_car_1_lights_blinker_l.mat using Guid(89013d6269c0c7b42bcab7267b48ad32) Importer(815301076,1909f56bfc062723c751e8b465ee728b)  -> (artifact id: 'edd453d2b874120591fc279cc7468012') in 0.013939 seconds 
========================================================================
Received Import Request.
  Time since last request: 0.000016 seconds.
  path: Assets/FlamingSands_Cars/sport_car_1/Materials/sport_car_1_lights_brake.mat
  artifactKey: Guid(84b11fd5ec126a74597ce049c486aa22) Importer(815301076,1909f56bfc062723c751e8b465ee728b)
Start importing Assets/FlamingSands_Cars/sport_car_1/Materials/sport_car_1_lights_brake.mat using Guid(84b11fd5ec126a74597ce049c486aa22) Importer(815301076,1909f56bfc062723c751e8b465ee728b)  -> (artifact id: 'a621d7537eb2cb413a6ec90001dc9333') in 0.010615 seconds 
Editor requested this worker to shutdown with reason: Scaling down because of idle timeout
AssetImportWorker is now disconnected from the server
Process exiting
Exiting without the bug reporter. Application will terminate with return code 0