Using pre-set license
Built from '2021.3/staging' branch; Version is '2021.3.8f1 (b30333d56e81) revision 11731763'; Using compiler version '192829333'; Build Type 'Release'
OS: 'Windows 10  (10.0.19045) 64bit Core' Language: 'en' Physical Memory: 16145 MB
BatchMode: 1, IsHumanControllingUs: 0, StartBugReporterOnCrash: 0, Is64bit: 1, IsPro: 1

COMMAND LINE ARGUMENTS:
C:\Program Files\Unity\Hub\Editor\2021.3.8f1\Editor\Unity.exe
-adb2
-batchMode
-noUpm
-name
AssetImportWorker4
-projectPath
C:/repos/CarProj/My project
-logFile
Logs/AssetImportWorker4.log
-srvPort
50538
Successfully changed project path to: C:/repos/CarProj/My project
C:/repos/CarProj/My project
[UnityMemory] Configuration Parameters - Can be set up in boot.config
    "memorysetup-bucket-allocator-granularity=16"
    "memorysetup-bucket-allocator-bucket-count=8"
    "memorysetup-bucket-allocator-block-size=33554432"
    "memorysetup-bucket-allocator-block-count=8"
    "memorysetup-main-allocator-block-size=16777216"
    "memorysetup-thread-allocator-block-size=16777216"
    "memorysetup-gfx-main-allocator-block-size=16777216"
    "memorysetup-gfx-thread-allocator-block-size=16777216"
    "memorysetup-cache-allocator-block-size=4194304"
    "memorysetup-typetree-allocator-block-size=2097152"
    "memorysetup-profiler-bucket-allocator-granularity=16"
    "memorysetup-profiler-bucket-allocator-bucket-count=8"
    "memorysetup-profiler-bucket-allocator-block-size=33554432"
    "memorysetup-profiler-bucket-allocator-block-count=8"
    "memorysetup-profiler-allocator-block-size=16777216"
    "memorysetup-profiler-editor-allocator-block-size=1048576"
    "memorysetup-temp-allocator-size-main=16777216"
    "memorysetup-job-temp-allocator-block-size=2097152"
    "memorysetup-job-temp-allocator-block-size-background=1048576"
    "memorysetup-job-temp-allocator-reduction-small-platforms=262144"
    "memorysetup-temp-allocator-size-background-worker=32768"
    "memorysetup-temp-allocator-size-job-worker=262144"
    "memorysetup-temp-allocator-size-preload-manager=33554432"
    "memorysetup-temp-allocator-size-nav-mesh-worker=65536"
    "memorysetup-temp-allocator-size-audio-worker=65536"
    "memorysetup-temp-allocator-size-cloud-worker=32768"
    "memorysetup-temp-allocator-size-gi-baking-worker=262144"
    "memorysetup-temp-allocator-size-gfx=262144"
Refreshing native plugins compatible for Editor in 115.71 ms, found 3 plugins.
Preloading 0 native plugins for Editor in 0.00 ms.
Initialize engine version: 2021.3.8f1 (b30333d56e81)
[Subsystems] Discovering subsystems at path C:/Program Files/Unity/Hub/Editor/2021.3.8f1/Editor/Data/Resources/UnitySubsystems
[Subsystems] Discovering subsystems at path C:/repos/CarProj/My project/Assets
GfxDevice: creating device client; threaded=0; jobified=0
Direct3D:
    Version:  Direct3D 11.0 [level 11.1]
    Renderer: NVIDIA GeForce RTX 2060 (ID=0x1f15)
    Vendor:   NVIDIA
    VRAM:     5968 MB
    Driver:   31.0.15.3713
Initialize mono
Mono path[0] = 'C:/Program Files/Unity/Hub/Editor/2021.3.8f1/Editor/Data/Managed'
Mono path[1] = 'C:/Program Files/Unity/Hub/Editor/2021.3.8f1/Editor/Data/MonoBleedingEdge/lib/mono/unityjit-win32'
Mono config path = 'C:/Program Files/Unity/Hub/Editor/2021.3.8f1/Editor/Data/MonoBleedingEdge/etc'
Using monoOptions --debugger-agent=transport=dt_socket,embedding=1,server=y,suspend=n,address=127.0.0.1:56124
Begin MonoManager ReloadAssembly
Registering precompiled unity dll's ...
Register platform support module: C:/Program Files/Unity/Hub/Editor/2021.3.8f1/Editor/Data/PlaybackEngines/WebGLSupport/UnityEditor.WebGL.Extensions.dll
Register platform support module: C:/Program Files/Unity/Hub/Editor/2021.3.8f1/Editor/Data/PlaybackEngines/WindowsStandaloneSupport/UnityEditor.WindowsStandalone.Extensions.dll
Registered in 0.014818 seconds.
Native extension for WindowsStandalone target not found
Native extension for WebGL target not found
Refreshing native plugins compatible for Editor in 137.78 ms, found 3 plugins.
Preloading 0 native plugins for Editor in 0.00 ms.
Mono: successfully reloaded assembly
- Completed reload, in  0.815 seconds
Domain Reload Profiling:
	ReloadAssembly (815ms)
		BeginReloadAssembly (85ms)
			ExecutionOrderSort (0ms)
			DisableScriptedObjects (0ms)
			BackupInstance (0ms)
			ReleaseScriptingObjects (0ms)
			CreateAndSetChildDomain (1ms)
		EndReloadAssembly (576ms)
			LoadAssemblies (82ms)
			RebuildTransferFunctionScriptingTraits (0ms)
			SetupTypeCache (124ms)
			ReleaseScriptCaches (0ms)
			RebuildScriptCaches (32ms)
			SetupLoadedEditorAssemblies (363ms)
				LogAssemblyErrors (0ms)
				InitializePlatformSupportModulesInManaged (11ms)
				SetLoadedEditorAssemblies (0ms)
				RefreshPlugins (138ms)
				BeforeProcessingInitializeOnLoad (2ms)
				ProcessInitializeOnLoadAttributes (163ms)
				ProcessInitializeOnLoadMethodAttributes (50ms)
				AfterProcessingInitializeOnLoad (0ms)
				EditorAssembliesLoaded (0ms)
			ExecutionOrderSort2 (0ms)
			AwakeInstancesAfterBackupRestoration (0ms)
Platform modules already initialized, skipping
Registering precompiled user dll's ...
Registered in 0.006967 seconds.
Begin MonoManager ReloadAssembly
Symbol file LoadedFromMemory doesn't match image C:\repos\CarProj\My project\Library\PackageCache\com.unity.visualscripting@1.7.8\Editor\VisualScripting.Core\Dependencies\YamlDotNet\Unity.VisualScripting.YamlDotNet.dll
Symbol file LoadedFromMemory doesn't match image C:\repos\CarProj\My project\Library\PackageCache\com.unity.visualscripting@1.7.8\Editor\VisualScripting.Core\Dependencies\DotNetZip\Unity.VisualScripting.IonicZip.dll
Native extension for WindowsStandalone target not found
Native extension for WebGL target not found
Refreshing native plugins compatible for Editor in 0.55 ms, found 3 plugins.
Preloading 0 native plugins for Editor in 0.00 ms.
Mono: successfully reloaded assembly
- Completed reload, in  1.081 seconds
Domain Reload Profiling:
	ReloadAssembly (1081ms)
		BeginReloadAssembly (113ms)
			ExecutionOrderSort (0ms)
			DisableScriptedObjects (5ms)
			BackupInstance (0ms)
			ReleaseScriptingObjects (0ms)
			CreateAndSetChildDomain (17ms)
		EndReloadAssembly (837ms)
			LoadAssemblies (95ms)
			RebuildTransferFunctionScriptingTraits (0ms)
			SetupTypeCache (300ms)
			ReleaseScriptCaches (1ms)
			RebuildScriptCaches (48ms)
			SetupLoadedEditorAssemblies (363ms)
				LogAssemblyErrors (0ms)
				InitializePlatformSupportModulesInManaged (8ms)
				SetLoadedEditorAssemblies (0ms)
				RefreshPlugins (1ms)
				BeforeProcessingInitializeOnLoad (89ms)
				ProcessInitializeOnLoadAttributes (230ms)
				ProcessInitializeOnLoadMethodAttributes (26ms)
				AfterProcessingInitializeOnLoad (9ms)
				EditorAssembliesLoaded (0ms)
			ExecutionOrderSort2 (0ms)
			AwakeInstancesAfterBackupRestoration (6ms)
Platform modules already initialized, skipping
========================================================================
Worker process is ready to serve import requests
Launched and connected shader compiler UnityShaderCompiler.exe after 0.05 seconds
Refreshing native plugins compatible for Editor in 0.56 ms, found 3 plugins.
Preloading 0 native plugins for Editor in 0.00 ms.
Unloading 3442 Unused Serialized files (Serialized files now loaded: 0)
Unloading 26 unused Assets / (86.3 KB). Loaded Objects now: 3923.
Memory consumption went from 134.0 MB to 133.9 MB.
Total: 3.442800 ms (FindLiveObjects: 0.314300 ms CreateObjectMapping: 0.201300 ms MarkObjects: 2.839400 ms  DeleteObjects: 0.086900 ms)

AssetImportParameters requested are different than current active one (requested -> active):
  custom:video-decoder-ogg-theora: a1e56fd34408186e4bbccfd4996cb3dc -> 
  custom:container-muxer-webm: aa71ff27fc2769a1b78a27578f13a17b -> 
  custom:container-demuxer-webm: 4f35f7cbe854078d1ac9338744f61a02 -> 
  custom:video-encoder-webm-vp8: eb34c28f22e8b96e1ab97ce403110664 -> 
  custom:audio-encoder-webm-vorbis: bf7c407c2cedff20999df2af8eb42d56 -> 
  custom:framework-win-MediaFoundation: 216162199b28c13a410421893ffa2e32 -> 
  custom:container-demuxer-ogg: 62fdf1f143b41e24485cea50d1cbac27 -> 
  custom:video-decoder-webm-vp8: 9c59270c3fd7afecdb556c50c9e8de78 -> 
  custom:audio-decoder-ogg-vorbis: bf7c407c2cedff20999df2af8eb42d56 -> 
========================================================================
Received Import Request.
  Time since last request: 46719.505041 seconds.
  path: Assets/___www.unityassetcollection.com___.txt
  artifactKey: Guid(c1b0e9b1f04ac4f438cc70399790d144) Importer(815301076,1909f56bfc062723c751e8b465ee728b)
Start importing Assets/___www.unityassetcollection.com___.txt using Guid(c1b0e9b1f04ac4f438cc70399790d144) Importer(815301076,1909f56bfc062723c751e8b465ee728b)  -> (artifact id: '5a4703a871ba7ea0c0b57075493d8aea') in 0.028034 seconds 
========================================================================
Received Import Request.
  Time since last request: 265.813215 seconds.
  path: Assets/RealisticEngineSound/Assets
  artifactKey: Guid(ee29c351e83fc444787d7766fc6b1d03) Importer(815301076,1909f56bfc062723c751e8b465ee728b)
Start importing Assets/RealisticEngineSound/Assets using Guid(ee29c351e83fc444787d7766fc6b1d03) Importer(815301076,1909f56bfc062723c751e8b465ee728b)  -> (artifact id: 'f1d3d6799bc2b73de137a54a15920e3c') in 0.001987 seconds 
========================================================================
Received Import Request.
  Time since last request: 1984.962220 seconds.
  path: Assets/RealisticEngineSound/Assets_For_Vehicle_Controllers/EVP5/EdysVP_RES-Plus.unitypackage
  artifactKey: Guid(4433783b112842f46b5a17f0d51945f2) Importer(815301076,1909f56bfc062723c751e8b465ee728b)
Start importing Assets/RealisticEngineSound/Assets_For_Vehicle_Controllers/EVP5/EdysVP_RES-Plus.unitypackage using Guid(4433783b112842f46b5a17f0d51945f2) Importer(815301076,1909f56bfc062723c751e8b465ee728b)  -> (artifact id: 'b2e0ef404ff52d178c57c8d6361b5e9f') in 0.024246 seconds 
========================================================================
Received Import Request.
  Time since last request: 13.070230 seconds.
  path: Assets/RealisticEngineSound/Assets_For_Vehicle_Controllers/Unity_Car_Pro/UCP_RES-Plus.unitypackage
  artifactKey: Guid(98c0b4917b5dbbb409e01a5a0706d8f6) Importer(815301076,1909f56bfc062723c751e8b465ee728b)
Start importing Assets/RealisticEngineSound/Assets_For_Vehicle_Controllers/Unity_Car_Pro/UCP_RES-Plus.unitypackage using Guid(98c0b4917b5dbbb409e01a5a0706d8f6) Importer(815301076,1909f56bfc062723c751e8b465ee728b)  -> (artifact id: '65b9fdbecb1a75422aa37a3c6c4462d0') in 0.002241 seconds 
========================================================================
Received Import Request.
  Time since last request: 6.556557 seconds.
  path: Assets/RealisticEngineSound/Assets_For_Vehicle_Controllers/Driver/ReadMe.txt
  artifactKey: Guid(aae55e1cc2ccfe247b3d73a94b710957) Importer(815301076,1909f56bfc062723c751e8b465ee728b)
Start importing Assets/RealisticEngineSound/Assets_For_Vehicle_Controllers/Driver/ReadMe.txt using Guid(aae55e1cc2ccfe247b3d73a94b710957) Importer(815301076,1909f56bfc062723c751e8b465ee728b)  -> (artifact id: '96b118d170dde75714d9f8d9f5cd7b0c') in 0.002838 seconds 
========================================================================
Received Import Request.
  Time since last request: 12.919713 seconds.
  path: Assets/RealisticEngineSound/Assets_For_Vehicle_Controllers/EVP5/ReadMe.txt
  artifactKey: Guid(493c8b83618d4da42b6b5d7183d5ba0e) Importer(815301076,1909f56bfc062723c751e8b465ee728b)
Start importing Assets/RealisticEngineSound/Assets_For_Vehicle_Controllers/EVP5/ReadMe.txt using Guid(493c8b83618d4da42b6b5d7183d5ba0e) Importer(815301076,1909f56bfc062723c751e8b465ee728b)  -> (artifact id: '7f84acb8c4ebcf12dd5ed93dae50374c') in 0.002722 seconds 
========================================================================
Received Import Request.
  Time since last request: 14.585257 seconds.
  path: Assets/RealisticEngineSound/Assets_For_Vehicle_Controllers/RCC_V3/ReadMe.txt
  artifactKey: Guid(437b6ef271cd7a04dafd5d920ab750ed) Importer(815301076,1909f56bfc062723c751e8b465ee728b)
Start importing Assets/RealisticEngineSound/Assets_For_Vehicle_Controllers/RCC_V3/ReadMe.txt using Guid(437b6ef271cd7a04dafd5d920ab750ed) Importer(815301076,1909f56bfc062723c751e8b465ee728b)  -> (artifact id: '7e351dc337f73741c591d66ff3ac90ce') in 0.001879 seconds 
========================================================================
Received Import Request.
  Time since last request: 17.548756 seconds.
  path: Assets/RealisticEngineSound/Assets_For_Vehicle_Controllers/RCC_V3/RCC_v3.4_RES-Plus.unitypackage
  artifactKey: Guid(540308be4627b7e4d881532fcc7f014c) Importer(815301076,1909f56bfc062723c751e8b465ee728b)
Start importing Assets/RealisticEngineSound/Assets_For_Vehicle_Controllers/RCC_V3/RCC_v3.4_RES-Plus.unitypackage using Guid(540308be4627b7e4d881532fcc7f014c) Importer(815301076,1909f56bfc062723c751e8b465ee728b)  -> (artifact id: '14d41a164dac3f6b2dacdde1e780e9b8') in 0.002494 seconds 
========================================================================
Received Import Request.
  Time since last request: 129.216543 seconds.
  path: Assets/RealisticEngineSound/DemoScene/RCC_V3_scenes/RCC_with_RES.unity
  artifactKey: Guid(898d46e53bf90494a937deaf139fb0a2) Importer(815301076,1909f56bfc062723c751e8b465ee728b)
Start importing Assets/RealisticEngineSound/DemoScene/RCC_V3_scenes/RCC_with_RES.unity using Guid(898d46e53bf90494a937deaf139fb0a2) Importer(815301076,1909f56bfc062723c751e8b465ee728b)  -> (artifact id: '368b7af66aaa9fd8d97a3f87dd4c5a8e') in 0.001941 seconds 
========================================================================
Received Import Request.
  Time since last request: 0.686857 seconds.
  path: Assets/RealisticEngineSound/DemoScene/RCC_V3_scenes/RCC_with_RES_moble.unity
  artifactKey: Guid(3947e689c9695084585d657d587f4745) Importer(815301076,1909f56bfc062723c751e8b465ee728b)
Start importing Assets/RealisticEngineSound/DemoScene/RCC_V3_scenes/RCC_with_RES_moble.unity using Guid(3947e689c9695084585d657d587f4745) Importer(815301076,1909f56bfc062723c751e8b465ee728b)  -> (artifact id: 'b7210113df42f664211220941df724a7') in 0.001551 seconds 
========================================================================
Received Import Request.
  Time since last request: 20.605989 seconds.
  path: Assets/RealisticEngineSound/Assets/Prefabs/MufflerPluck_Prefabs/1_RandomMufflerPluck.prefab
  artifactKey: Guid(f838679581111aa40ad0e69dce458918) Importer(815301076,1909f56bfc062723c751e8b465ee728b)
Start importing Assets/RealisticEngineSound/Assets/Prefabs/MufflerPluck_Prefabs/1_RandomMufflerPluck.prefab using Guid(f838679581111aa40ad0e69dce458918) Importer(815301076,1909f56bfc062723c751e8b465ee728b)  -> (artifact id: '80edccec4b275272748fa0ab6f929cdb') in 0.034662 seconds 
========================================================================
Received Import Request.
  Time since last request: 0.000028 seconds.
  path: Assets/RealisticEngineSound/Assets/Prefabs/RCC_V3_prefabs/Interior/i4_serbian_interior.prefab
  artifactKey: Guid(cc701ec46ecaaaf4d91f8f5f76ab5046) Importer(815301076,1909f56bfc062723c751e8b465ee728b)
Start importing Assets/RealisticEngineSound/Assets/Prefabs/RCC_V3_prefabs/Interior/i4_serbian_interior.prefab using Guid(cc701ec46ecaaaf4d91f8f5f76ab5046) Importer(815301076,1909f56bfc062723c751e8b465ee728b)  -> (artifact id: 'd712e1609c02f45d1e7e964125d4f0c0') in 0.012729 seconds 
========================================================================
Received Import Request.
  Time since last request: 0.000039 seconds.
  path: Assets/RealisticEngineSound/Assets/Prefabs/RCC_V3_prefabs/Interior/Truck_old_int.prefab
  artifactKey: Guid(016e8f3f001ad06498b0c8be4fdb59e6) Importer(815301076,1909f56bfc062723c751e8b465ee728b)
Start importing Assets/RealisticEngineSound/Assets/Prefabs/RCC_V3_prefabs/Interior/Truck_old_int.prefab using Guid(016e8f3f001ad06498b0c8be4fdb59e6) Importer(815301076,1909f56bfc062723c751e8b465ee728b)  -> (artifact id: '3b94a7c716673d32e1f4f042939ed978') in 0.006238 seconds 
========================================================================
Received Import Request.
  Time since last request: 0.000020 seconds.
  path: Assets/RealisticEngineSound/Assets/Prefabs/RCC_V3_prefabs/rotary_x8_free.prefab
  artifactKey: Guid(8c2037100d0a50841b371fe04356c0d0) Importer(815301076,1909f56bfc062723c751e8b465ee728b)
Start importing Assets/RealisticEngineSound/Assets/Prefabs/RCC_V3_prefabs/rotary_x8_free.prefab using Guid(8c2037100d0a50841b371fe04356c0d0) Importer(815301076,1909f56bfc062723c751e8b465ee728b)  -> (artifact id: 'fdcba75526bf86be1d38ad0adf775ce2') in 0.005318 seconds 
========================================================================
Received Import Request.
  Time since last request: 0.000015 seconds.
  path: Assets/RealisticEngineSound/Assets/Prefabs/Engine_Prefabs/i6_german.prefab
  artifactKey: Guid(17fc4ae01e28bf8439d0dffec2d2304b) Importer(815301076,1909f56bfc062723c751e8b465ee728b)
Start importing Assets/RealisticEngineSound/Assets/Prefabs/Engine_Prefabs/i6_german.prefab using Guid(17fc4ae01e28bf8439d0dffec2d2304b) Importer(815301076,1909f56bfc062723c751e8b465ee728b)  -> (artifact id: '2364e76f8316f4503d0fcd4c7e80f66e') in 0.005357 seconds 
========================================================================
Received Import Request.
  Time since last request: 0.000015 seconds.
  path: Assets/RealisticEngineSound/Assets/Prefabs/MufflerPluck_Prefabs/MufflerPluck_5.prefab
  artifactKey: Guid(2031f9b97287b8649a1dad221c0fb19b) Importer(815301076,1909f56bfc062723c751e8b465ee728b)
Start importing Assets/RealisticEngineSound/Assets/Prefabs/MufflerPluck_Prefabs/MufflerPluck_5.prefab using Guid(2031f9b97287b8649a1dad221c0fb19b) Importer(815301076,1909f56bfc062723c751e8b465ee728b)  -> (artifact id: '2a77266259a3e9c32d8c06d5f44d3093') in 0.004241 seconds 
========================================================================
Received Import Request.
  Time since last request: 0.000022 seconds.
  path: Assets/RealisticEngineSound/Assets/Prefabs/Turbo_Prefabs/Mobile/TurboCharger_mob_2.prefab
  artifactKey: Guid(4d808253a977f204387be4bded285c62) Importer(815301076,1909f56bfc062723c751e8b465ee728b)
Start importing Assets/RealisticEngineSound/Assets/Prefabs/Turbo_Prefabs/Mobile/TurboCharger_mob_2.prefab using Guid(4d808253a977f204387be4bded285c62) Importer(815301076,1909f56bfc062723c751e8b465ee728b)  -> (artifact id: '45a72c90e00964d5d6669ba9d4b93dfa') in 0.006054 seconds 
========================================================================
Received Import Request.
  Time since last request: 0.000018 seconds.
  path: Assets/RealisticEngineSound/Assets/Prefabs/Shift_Prefabs/Pack_1/OneFile/ShiftingSound_4.prefab
  artifactKey: Guid(be8461ca528d9e740a4003b2b1b8bfd3) Importer(815301076,1909f56bfc062723c751e8b465ee728b)
Start importing Assets/RealisticEngineSound/Assets/Prefabs/Shift_Prefabs/Pack_1/OneFile/ShiftingSound_4.prefab using Guid(be8461ca528d9e740a4003b2b1b8bfd3) Importer(815301076,1909f56bfc062723c751e8b465ee728b)  -> (artifact id: 'f7b0818c99ffca7c1f7aed1aefcd9abf') in 0.005215 seconds 
========================================================================
Received Import Request.
  Time since last request: 0.000018 seconds.
  path: Assets/RealisticEngineSound/Assets/Prefabs/Engine_Prefabs/diesel_2.5_german.prefab
  artifactKey: Guid(b01098c960af9b14397c489c900683db) Importer(815301076,1909f56bfc062723c751e8b465ee728b)
Start importing Assets/RealisticEngineSound/Assets/Prefabs/Engine_Prefabs/diesel_2.5_german.prefab using Guid(b01098c960af9b14397c489c900683db) Importer(815301076,1909f56bfc062723c751e8b465ee728b)  -> (artifact id: '0279d41c204e3f144b5beb9a2930df71') in 0.005290 seconds 
========================================================================
Received Import Request.
  Time since last request: 0.000021 seconds.
  path: Assets/RealisticEngineSound/Assets/Prefabs/RCC_V3_prefabs/Mobile/Interior/i4_german_interior.prefab
  artifactKey: Guid(65f6bbbe56d37cd40bc65c09269a44b3) Importer(815301076,1909f56bfc062723c751e8b465ee728b)
Start importing Assets/RealisticEngineSound/Assets/Prefabs/RCC_V3_prefabs/Mobile/Interior/i4_german_interior.prefab using Guid(65f6bbbe56d37cd40bc65c09269a44b3) Importer(815301076,1909f56bfc062723c751e8b465ee728b)  -> (artifact id: '31885a1bf6fc11591aebf31c870f51fd') in 0.005946 seconds 
========================================================================
Received Import Request.
  Time since last request: 0.000014 seconds.
  path: Assets/RealisticEngineSound/Assets/Prefabs/Shift_Prefabs/Pack_3/RandomPacks/ShiftingSoundRandom_1.prefab
  artifactKey: Guid(a4483d2a7c07faf4190d8cdbe2400582) Importer(815301076,1909f56bfc062723c751e8b465ee728b)
Start importing Assets/RealisticEngineSound/Assets/Prefabs/Shift_Prefabs/Pack_3/RandomPacks/ShiftingSoundRandom_1.prefab using Guid(a4483d2a7c07faf4190d8cdbe2400582) Importer(815301076,1909f56bfc062723c751e8b465ee728b)  -> (artifact id: '5a6901e26702b6cd9d29a897a3f83321') in 0.004656 seconds 
========================================================================
Received Import Request.
  Time since last request: 0.000018 seconds.
  path: Assets/RealisticEngineSound/Assets/Prefabs/Shift_Prefabs/Pack_3/OneFile/ShiftingSound_3.prefab
  artifactKey: Guid(f9997800c1096bf459b449399a373b7b) Importer(815301076,1909f56bfc062723c751e8b465ee728b)
Start importing Assets/RealisticEngineSound/Assets/Prefabs/Shift_Prefabs/Pack_3/OneFile/ShiftingSound_3.prefab using Guid(f9997800c1096bf459b449399a373b7b) Importer(815301076,1909f56bfc062723c751e8b465ee728b)  -> (artifact id: '64c07bfaac0e9193cb22f6734931a4fb') in 0.004287 seconds 
========================================================================
Received Import Request.
  Time since last request: 0.000018 seconds.
  path: Assets/RealisticEngineSound/Assets/Prefabs/MufflerPluck_Prefabs/MufflerPluck_4.prefab
  artifactKey: Guid(f445427f1acbe01429028a787e812be9) Importer(815301076,1909f56bfc062723c751e8b465ee728b)
Start importing Assets/RealisticEngineSound/Assets/Prefabs/MufflerPluck_Prefabs/MufflerPluck_4.prefab using Guid(f445427f1acbe01429028a787e812be9) Importer(815301076,1909f56bfc062723c751e8b465ee728b)  -> (artifact id: '5dade0f9a55767774ac96651bd772b37') in 0.004765 seconds 
========================================================================
Received Import Request.
  Time since last request: 0.000034 seconds.
  path: Assets/RealisticEngineSound/Assets/Prefabs/Engine_Prefabs/Interior/Truck_old_int.prefab
  artifactKey: Guid(ed5cbb464594f2a41b5340aa18b736dc) Importer(815301076,1909f56bfc062723c751e8b465ee728b)
Start importing Assets/RealisticEngineSound/Assets/Prefabs/Engine_Prefabs/Interior/Truck_old_int.prefab using Guid(ed5cbb464594f2a41b5340aa18b736dc) Importer(815301076,1909f56bfc062723c751e8b465ee728b)  -> (artifact id: 'cd16c1ecc0f6bb136b8f5605ea218d16') in 0.006159 seconds 
========================================================================
Received Import Request.
  Time since last request: 0.000023 seconds.
  path: Assets/RealisticEngineSound/Assets/Prefabs/RCC_V3_prefabs/Mobile/i6_german_free.prefab
  artifactKey: Guid(46e8a09b864db9d488db9bb345ce3e95) Importer(815301076,1909f56bfc062723c751e8b465ee728b)
Start importing Assets/RealisticEngineSound/Assets/Prefabs/RCC_V3_prefabs/Mobile/i6_german_free.prefab using Guid(46e8a09b864db9d488db9bb345ce3e95) Importer(815301076,1909f56bfc062723c751e8b465ee728b)  -> (artifact id: 'cface393fa16d16d111a03901098ab7c') in 0.005638 seconds 
========================================================================
Received Import Request.
  Time since last request: 0.000016 seconds.
  path: Assets/RealisticEngineSound/Assets/Prefabs/RCC_V3_prefabs/Mobile/Interior/i6_german_free_interior.prefab
  artifactKey: Guid(ed8d0d1eb0844384eafefc5bb8a40154) Importer(815301076,1909f56bfc062723c751e8b465ee728b)
Start importing Assets/RealisticEngineSound/Assets/Prefabs/RCC_V3_prefabs/Mobile/Interior/i6_german_free_interior.prefab using Guid(ed8d0d1eb0844384eafefc5bb8a40154) Importer(815301076,1909f56bfc062723c751e8b465ee728b)  -> (artifact id: '8f43b7718b87ea140a56953113ec2289') in 0.005110 seconds 
========================================================================
Received Import Request.
  Time since last request: 0.000027 seconds.
  path: Assets/RealisticEngineSound/Assets/Prefabs/Shift_Prefabs/Pack_1/OneFile/ShiftingSound_1.prefab
  artifactKey: Guid(ea5941ec33a431b419b4c991576c5f96) Importer(815301076,1909f56bfc062723c751e8b465ee728b)
Start importing Assets/RealisticEngineSound/Assets/Prefabs/Shift_Prefabs/Pack_1/OneFile/ShiftingSound_1.prefab using Guid(ea5941ec33a431b419b4c991576c5f96) Importer(815301076,1909f56bfc062723c751e8b465ee728b)  -> (artifact id: '98eaac153e5924304f023c57f0b8e65c') in 0.003996 seconds 
========================================================================
Received Import Request.
  Time since last request: 0.000018 seconds.
  path: Assets/RealisticEngineSound/Assets/Prefabs/Shift_Prefabs/Pack_3/OneFile/ShiftingSound_2.prefab
  artifactKey: Guid(f81023c1be2d91047a605063533ebe5c) Importer(815301076,1909f56bfc062723c751e8b465ee728b)
Start importing Assets/RealisticEngineSound/Assets/Prefabs/Shift_Prefabs/Pack_3/OneFile/ShiftingSound_2.prefab using Guid(f81023c1be2d91047a605063533ebe5c) Importer(815301076,1909f56bfc062723c751e8b465ee728b)  -> (artifact id: '908f93b97c77db1e2afcccd175d07623') in 0.004460 seconds 
========================================================================
Received Import Request.
  Time since last request: 0.000021 seconds.
  path: Assets/RealisticEngineSound/Assets/Prefabs/Shift_Prefabs/Pack_2/OneFile/TiptronicShiftingSound_2.prefab
  artifactKey: Guid(60f9a65a08af88549a264a1991edd5f2) Importer(815301076,1909f56bfc062723c751e8b465ee728b)
Start importing Assets/RealisticEngineSound/Assets/Prefabs/Shift_Prefabs/Pack_2/OneFile/TiptronicShiftingSound_2.prefab using Guid(60f9a65a08af88549a264a1991edd5f2) Importer(815301076,1909f56bfc062723c751e8b465ee728b)  -> (artifact id: '4edf339b19722c4d2d648a95437cb03a') in 0.005745 seconds 
========================================================================
Received Import Request.
  Time since last request: 0.000021 seconds.
  path: Assets/RealisticEngineSound/Assets/Prefabs/Engine_Prefabs/Mobile/i4_serbian.prefab
  artifactKey: Guid(9b32ebba708361541883bf71f3a98d02) Importer(815301076,1909f56bfc062723c751e8b465ee728b)
Start importing Assets/RealisticEngineSound/Assets/Prefabs/Engine_Prefabs/Mobile/i4_serbian.prefab using Guid(9b32ebba708361541883bf71f3a98d02) Importer(815301076,1909f56bfc062723c751e8b465ee728b)  -> (artifact id: 'aee8719037fec5c824389f8cbd4788bc') in 0.005072 seconds 
========================================================================
Received Import Request.
  Time since last request: 0.000016 seconds.
  path: Assets/RealisticEngineSound/Assets/Prefabs/Shift_Prefabs/Pack_1/OneFile/ShiftingSound_5.prefab
  artifactKey: Guid(3cc39be7492f64a49a67638a5937b38c) Importer(815301076,1909f56bfc062723c751e8b465ee728b)
Start importing Assets/RealisticEngineSound/Assets/Prefabs/Shift_Prefabs/Pack_1/OneFile/ShiftingSound_5.prefab using Guid(3cc39be7492f64a49a67638a5937b38c) Importer(815301076,1909f56bfc062723c751e8b465ee728b)  -> (artifact id: '6c5f37b0a8ef92995d44bd0f4a5cfb86') in 0.005045 seconds 
========================================================================
Received Import Request.
  Time since last request: 0.000027 seconds.
  path: Assets/RealisticEngineSound/Assets/Prefabs/Supercharger_Prefabs/SuperCharger_1.prefab
  artifactKey: Guid(1aa43efb4c5615749b3bec8674836a88) Importer(815301076,1909f56bfc062723c751e8b465ee728b)
Start importing Assets/RealisticEngineSound/Assets/Prefabs/Supercharger_Prefabs/SuperCharger_1.prefab using Guid(1aa43efb4c5615749b3bec8674836a88) Importer(815301076,1909f56bfc062723c751e8b465ee728b)  -> (artifact id: 'e258f923d1ca045694ba42d06c5ac215') in 0.006289 seconds 
========================================================================
Received Import Request.
  Time since last request: 0.000025 seconds.
  path: Assets/RealisticEngineSound/Assets/Prefabs/Shift_Prefabs/Pack_1/OneFile/ShiftingSound_2.prefab
  artifactKey: Guid(65884e31c636f634590ffe5d1dc6e554) Importer(815301076,1909f56bfc062723c751e8b465ee728b)
Start importing Assets/RealisticEngineSound/Assets/Prefabs/Shift_Prefabs/Pack_1/OneFile/ShiftingSound_2.prefab using Guid(65884e31c636f634590ffe5d1dc6e554) Importer(815301076,1909f56bfc062723c751e8b465ee728b)  -> (artifact id: '01585fa138327bfbc5289eed258dc2c3') in 0.004959 seconds 
========================================================================
Received Import Request.
  Time since last request: 0.000021 seconds.
  path: Assets/RealisticEngineSound/Assets/Prefabs/RCC_V3_prefabs/Interior/diesel_2.5_german_interior.prefab
  artifactKey: Guid(f5691046fe93116438cb74667072e161) Importer(815301076,1909f56bfc062723c751e8b465ee728b)
Start importing Assets/RealisticEngineSound/Assets/Prefabs/RCC_V3_prefabs/Interior/diesel_2.5_german_interior.prefab using Guid(f5691046fe93116438cb74667072e161) Importer(815301076,1909f56bfc062723c751e8b465ee728b)  -> (artifact id: '9116d5bd76ecb490dc439adbc6adf1bd') in 0.007950 seconds 
========================================================================
Received Import Request.
  Time since last request: 0.000029 seconds.
  path: Assets/RealisticEngineSound/Assets/Prefabs/RCC_V3_prefabs/Mobile/Interior/i4_serbian_interior.prefab
  artifactKey: Guid(ef83712e30c56004fa699ea2f24dab00) Importer(815301076,1909f56bfc062723c751e8b465ee728b)
Start importing Assets/RealisticEngineSound/Assets/Prefabs/RCC_V3_prefabs/Mobile/Interior/i4_serbian_interior.prefab using Guid(ef83712e30c56004fa699ea2f24dab00) Importer(815301076,1909f56bfc062723c751e8b465ee728b)  -> (artifact id: 'eba05d6d35f8e5207c3ecc726eb91eee') in 0.007902 seconds 
========================================================================
Received Import Request.
  Time since last request: 0.000029 seconds.
  path: Assets/RealisticEngineSound/Assets/Prefabs/Shift_Prefabs/Pack_2/OneFile/ShiftingSound_2.prefab
  artifactKey: Guid(8e846c1b86aa71140baa17c8dba2734c) Importer(815301076,1909f56bfc062723c751e8b465ee728b)
Start importing Assets/RealisticEngineSound/Assets/Prefabs/Shift_Prefabs/Pack_2/OneFile/ShiftingSound_2.prefab using Guid(8e846c1b86aa71140baa17c8dba2734c) Importer(815301076,1909f56bfc062723c751e8b465ee728b)  -> (artifact id: 'fef08802665b9a74e599a4fce5665ef1') in 0.010379 seconds 
========================================================================
Received Import Request.
  Time since last request: 0.000048 seconds.
  path: Assets/RealisticEngineSound/Assets/Prefabs/Engine_Prefabs/i4_japanese.prefab
  artifactKey: Guid(f66dae81fa86a7446ad4bd19c9503350) Importer(815301076,1909f56bfc062723c751e8b465ee728b)
Start importing Assets/RealisticEngineSound/Assets/Prefabs/Engine_Prefabs/i4_japanese.prefab using Guid(f66dae81fa86a7446ad4bd19c9503350) Importer(815301076,1909f56bfc062723c751e8b465ee728b)  -> (artifact id: '4f0b85e60c6d3f31590c5636c44e2066') in 0.010910 seconds 
========================================================================
Received Import Request.
  Time since last request: 0.000020 seconds.
  path: Assets/RealisticEngineSound/Assets/Prefabs/Shift_Prefabs/Pack_3/Mobile/TiptronicShift3_mob_1.prefab
  artifactKey: Guid(5ba62b7fe06a9f3418307ba78c83880e) Importer(815301076,1909f56bfc062723c751e8b465ee728b)
Start importing Assets/RealisticEngineSound/Assets/Prefabs/Shift_Prefabs/Pack_3/Mobile/TiptronicShift3_mob_1.prefab using Guid(5ba62b7fe06a9f3418307ba78c83880e) Importer(815301076,1909f56bfc062723c751e8b465ee728b)  -> (artifact id: '8e6a969999879c2e6ef83fab351f99a7') in 0.004585 seconds 
========================================================================
Received Import Request.
  Time since last request: 0.000018 seconds.
  path: Assets/RealisticEngineSound/Assets/Prefabs/Turbo_Prefabs/TurboCharger_1.prefab
  artifactKey: Guid(eb1d4dc14c1b5fd4e8f97e4ada49d3e1) Importer(815301076,1909f56bfc062723c751e8b465ee728b)
Start importing Assets/RealisticEngineSound/Assets/Prefabs/Turbo_Prefabs/TurboCharger_1.prefab using Guid(eb1d4dc14c1b5fd4e8f97e4ada49d3e1) Importer(815301076,1909f56bfc062723c751e8b465ee728b)  -> (artifact id: 'be37e97a0fba4ca88d2988f041e087e0') in 0.008360 seconds 
========================================================================
Received Import Request.
  Time since last request: 0.000020 seconds.
  path: Assets/RealisticEngineSound/Assets/Prefabs/Shift_Prefabs/Pack_1/Mobile/ShiftingSound_mob_3.prefab
  artifactKey: Guid(86c890bbcb0e1c544948cc4c2cb4ca46) Importer(815301076,1909f56bfc062723c751e8b465ee728b)
Start importing Assets/RealisticEngineSound/Assets/Prefabs/Shift_Prefabs/Pack_1/Mobile/ShiftingSound_mob_3.prefab using Guid(86c890bbcb0e1c544948cc4c2cb4ca46) Importer(815301076,1909f56bfc062723c751e8b465ee728b)  -> (artifact id: '4f217caa89cb4c33baf731be17039d3c') in 0.004533 seconds 
========================================================================
Received Import Request.
  Time since last request: 0.000019 seconds.
  path: Assets/RealisticEngineSound/Assets/Prefabs/RCC_V3_prefabs/Mobile/i6_german.prefab
  artifactKey: Guid(ffc451ec270bab44ea9347b599581863) Importer(815301076,1909f56bfc062723c751e8b465ee728b)
Start importing Assets/RealisticEngineSound/Assets/Prefabs/RCC_V3_prefabs/Mobile/i6_german.prefab using Guid(ffc451ec270bab44ea9347b599581863) Importer(815301076,1909f56bfc062723c751e8b465ee728b)  -> (artifact id: '896f1a7825087a70034f135d141fd61e') in 0.004669 seconds 
========================================================================
Received Import Request.
  Time since last request: 0.000019 seconds.
  path: Assets/RealisticEngineSound/Assets/Prefabs/Shift_Prefabs/Pack_2/OneFile/TiptronicShiftingSound_1.prefab
  artifactKey: Guid(42c4f6a912c6edd4b83436262201bc27) Importer(815301076,1909f56bfc062723c751e8b465ee728b)
Start importing Assets/RealisticEngineSound/Assets/Prefabs/Shift_Prefabs/Pack_2/OneFile/TiptronicShiftingSound_1.prefab using Guid(42c4f6a912c6edd4b83436262201bc27) Importer(815301076,1909f56bfc062723c751e8b465ee728b)  -> (artifact id: '07fb3ab290eb5c0404ffe2ba22b82ec5') in 0.004736 seconds 
========================================================================
Received Import Request.
  Time since last request: 0.000027 seconds.
  path: Assets/RealisticEngineSound/Assets/Prefabs/MufflerPluck_Prefabs/Mobile/MufflerPluck_mob_5.prefab
  artifactKey: Guid(ae9b2f6341d9fbc4a8fb7cf8b52a28f2) Importer(815301076,1909f56bfc062723c751e8b465ee728b)
Start importing Assets/RealisticEngineSound/Assets/Prefabs/MufflerPluck_Prefabs/Mobile/MufflerPluck_mob_5.prefab using Guid(ae9b2f6341d9fbc4a8fb7cf8b52a28f2) Importer(815301076,1909f56bfc062723c751e8b465ee728b)  -> (artifact id: 'c8a4a7ac9a12f62c1a6e17e2aaba91c4') in 0.004884 seconds 
========================================================================
Received Import Request.
  Time since last request: 0.000018 seconds.
  path: Assets/RealisticEngineSound/Assets/Prefabs/Shift_Prefabs/Pack_2/Mobile/TiptronicShift2_mob_2.prefab
  artifactKey: Guid(921f2a0e877796a4a93779ec464848e8) Importer(815301076,1909f56bfc062723c751e8b465ee728b)
Start importing Assets/RealisticEngineSound/Assets/Prefabs/Shift_Prefabs/Pack_2/Mobile/TiptronicShift2_mob_2.prefab using Guid(921f2a0e877796a4a93779ec464848e8) Importer(815301076,1909f56bfc062723c751e8b465ee728b)  -> (artifact id: '81c63f5197b01b289af96a4ebbdf7eb1') in 0.004541 seconds 
========================================================================
Received Import Request.
  Time since last request: 0.000020 seconds.
  path: Assets/RealisticEngineSound/Assets/Prefabs/RCC_V3_prefabs/Mobile/Truck_Old.prefab
  artifactKey: Guid(c9284c037b23dd545b62920ca153c7e7) Importer(815301076,1909f56bfc062723c751e8b465ee728b)
Start importing Assets/RealisticEngineSound/Assets/Prefabs/RCC_V3_prefabs/Mobile/Truck_Old.prefab using Guid(c9284c037b23dd545b62920ca153c7e7) Importer(815301076,1909f56bfc062723c751e8b465ee728b)  -> (artifact id: 'aa3eb42ab061b901893cc8adb3abaa04') in 0.005803 seconds 
========================================================================
Received Import Request.
  Time since last request: 0.000023 seconds.
  path: Assets/RealisticEngineSound/Assets/Prefabs/RCC_V3_prefabs/i4_german.prefab
  artifactKey: Guid(9b17fecc46b152b46878eaf1dd4915c6) Importer(815301076,1909f56bfc062723c751e8b465ee728b)
Start importing Assets/RealisticEngineSound/Assets/Prefabs/RCC_V3_prefabs/i4_german.prefab using Guid(9b17fecc46b152b46878eaf1dd4915c6) Importer(815301076,1909f56bfc062723c751e8b465ee728b)  -> (artifact id: 'eeb3defa6cf871ca784250600d352035') in 0.006283 seconds 
========================================================================
Received Import Request.
  Time since last request: 0.000022 seconds.
  path: Assets/RealisticEngineSound/Assets/Prefabs/Shift_Prefabs/Pack_1/Mobile/ShiftingSound_mob_4.prefab
  artifactKey: Guid(9477d1c3e1ddd7140a88409888bc11ae) Importer(815301076,1909f56bfc062723c751e8b465ee728b)
Start importing Assets/RealisticEngineSound/Assets/Prefabs/Shift_Prefabs/Pack_1/Mobile/ShiftingSound_mob_4.prefab using Guid(9477d1c3e1ddd7140a88409888bc11ae) Importer(815301076,1909f56bfc062723c751e8b465ee728b)  -> (artifact id: '2aa9341580bfa4f7c0d0c68fac8ec598') in 0.005071 seconds 
========================================================================
Received Import Request.
  Time since last request: 0.000036 seconds.
  path: Assets/RealisticEngineSound/Assets/Prefabs/RCC_V3_prefabs/Mobile/rotary_x8_free.prefab
  artifactKey: Guid(3cb91030d05133242a6d025666826863) Importer(815301076,1909f56bfc062723c751e8b465ee728b)
Start importing Assets/RealisticEngineSound/Assets/Prefabs/RCC_V3_prefabs/Mobile/rotary_x8_free.prefab using Guid(3cb91030d05133242a6d025666826863) Importer(815301076,1909f56bfc062723c751e8b465ee728b)  -> (artifact id: '5cc0bde09d2744843dae538db35468d9') in 0.005394 seconds 
========================================================================
Received Import Request.
  Time since last request: 0.000026 seconds.
  path: Assets/RealisticEngineSound/Assets/Prefabs/Engine_Prefabs/i4_serbian.prefab
  artifactKey: Guid(56fb0501eaba56449805587c7c4e22a4) Importer(815301076,1909f56bfc062723c751e8b465ee728b)
Start importing Assets/RealisticEngineSound/Assets/Prefabs/Engine_Prefabs/i4_serbian.prefab using Guid(56fb0501eaba56449805587c7c4e22a4) Importer(815301076,1909f56bfc062723c751e8b465ee728b)  -> (artifact id: '87e4b91a0a47e3f87a8e1654c9a47f3a') in 0.006841 seconds 
========================================================================
Received Import Request.
  Time since last request: 0.000024 seconds.
  path: Assets/RealisticEngineSound/Assets/Prefabs/RCC_V3_prefabs/Mobile/Interior/Truck_Old_int.prefab
  artifactKey: Guid(08d71129b3f53664ba91ce8ea8da1ce5) Importer(815301076,1909f56bfc062723c751e8b465ee728b)
Start importing Assets/RealisticEngineSound/Assets/Prefabs/RCC_V3_prefabs/Mobile/Interior/Truck_Old_int.prefab using Guid(08d71129b3f53664ba91ce8ea8da1ce5) Importer(815301076,1909f56bfc062723c751e8b465ee728b)  -> (artifact id: 'a441c1083c9dc1f2ffaa665bc821aa55') in 0.005427 seconds 
========================================================================
Received Import Request.
  Time since last request: 0.000023 seconds.
  path: Assets/RealisticEngineSound/Assets/Prefabs/Engine_Prefabs/Mobile/i4_german.prefab
  artifactKey: Guid(2af7311869204384f8256c5027661a59) Importer(815301076,1909f56bfc062723c751e8b465ee728b)
Start importing Assets/RealisticEngineSound/Assets/Prefabs/Engine_Prefabs/Mobile/i4_german.prefab using Guid(2af7311869204384f8256c5027661a59) Importer(815301076,1909f56bfc062723c751e8b465ee728b)  -> (artifact id: '34886e1407aeaaeac863387196222c14') in 0.005246 seconds 
========================================================================
Received Import Request.
  Time since last request: 0.000020 seconds.
  path: Assets/RealisticEngineSound/Assets/Prefabs/MufflerPluck_Prefabs/Mobile/MufflerPluck_mob_4.prefab
  artifactKey: Guid(a8a05f7517d573a4a8f4d1e6dbd95925) Importer(815301076,1909f56bfc062723c751e8b465ee728b)
Start importing Assets/RealisticEngineSound/Assets/Prefabs/MufflerPluck_Prefabs/Mobile/MufflerPluck_mob_4.prefab using Guid(a8a05f7517d573a4a8f4d1e6dbd95925) Importer(815301076,1909f56bfc062723c751e8b465ee728b)  -> (artifact id: 'bb04f3d948d2baa57b380b5a361e6aa5') in 0.011026 seconds 
========================================================================
Received Import Request.
  Time since last request: 0.000021 seconds.
  path: Assets/RealisticEngineSound/Assets/Prefabs/Shift_Prefabs/Pack_1/RandomPacks/ShiftingSoundRandom_1.prefab
  artifactKey: Guid(1b1b9e8189e479f4b99af2f355b5f315) Importer(815301076,1909f56bfc062723c751e8b465ee728b)
Start importing Assets/RealisticEngineSound/Assets/Prefabs/Shift_Prefabs/Pack_1/RandomPacks/ShiftingSoundRandom_1.prefab using Guid(1b1b9e8189e479f4b99af2f355b5f315) Importer(815301076,1909f56bfc062723c751e8b465ee728b)  -> (artifact id: '279cd3a7700083bd38096ed41801d557') in 0.006541 seconds 
========================================================================
Received Import Request.
  Time since last request: 0.000020 seconds.
  path: Assets/RealisticEngineSound/Assets/Prefabs/Shift_Prefabs/Pack_2/OneFile/ShiftingSound_1.prefab
  artifactKey: Guid(edd896d3c81a6584fbebca96f197617f) Importer(815301076,1909f56bfc062723c751e8b465ee728b)
Start importing Assets/RealisticEngineSound/Assets/Prefabs/Shift_Prefabs/Pack_2/OneFile/ShiftingSound_1.prefab using Guid(edd896d3c81a6584fbebca96f197617f) Importer(815301076,1909f56bfc062723c751e8b465ee728b)  -> (artifact id: '786532bd190c488eb2c5908de6943597') in 0.004537 seconds 
========================================================================
Received Import Request.
  Time since last request: 0.000018 seconds.
  path: Assets/RealisticEngineSound/Assets/Prefabs/Engine_Prefabs/Mobile/Mobile_Interior/i4_serbian_interior.prefab
  artifactKey: Guid(fa5f1f23ce342de499622cc5cd7c518b) Importer(815301076,1909f56bfc062723c751e8b465ee728b)
Start importing Assets/RealisticEngineSound/Assets/Prefabs/Engine_Prefabs/Mobile/Mobile_Interior/i4_serbian_interior.prefab using Guid(fa5f1f23ce342de499622cc5cd7c518b) Importer(815301076,1909f56bfc062723c751e8b465ee728b)  -> (artifact id: '39ab621fa624ba2b7cbb18c901779233') in 0.005659 seconds 
========================================================================
Received Import Request.
  Time since last request: 0.000024 seconds.
  path: Assets/RealisticEngineSound/Assets/Prefabs/RCC_V3_prefabs/Mobile/Interior/i6_german_interior.prefab
  artifactKey: Guid(740ad80c6a7a6784b89bb829a9136b70) Importer(815301076,1909f56bfc062723c751e8b465ee728b)
Start importing Assets/RealisticEngineSound/Assets/Prefabs/RCC_V3_prefabs/Mobile/Interior/i6_german_interior.prefab using Guid(740ad80c6a7a6784b89bb829a9136b70) Importer(815301076,1909f56bfc062723c751e8b465ee728b)  -> (artifact id: '4ce0e53727adf9efa6ed99d26be6cf83') in 0.004912 seconds 
========================================================================
Received Import Request.
  Time since last request: 0.000017 seconds.
  path: Assets/RealisticEngineSound/Assets/Prefabs/RCC_V3_prefabs/Interior/i6_german_interior.prefab
  artifactKey: Guid(060a918927ebc7641bc343eff79c74d5) Importer(815301076,1909f56bfc062723c751e8b465ee728b)
Start importing Assets/RealisticEngineSound/Assets/Prefabs/RCC_V3_prefabs/Interior/i6_german_interior.prefab using Guid(060a918927ebc7641bc343eff79c74d5) Importer(815301076,1909f56bfc062723c751e8b465ee728b)  -> (artifact id: '89904b6b234fb6e581a74437bf354b2c') in 0.005804 seconds 
========================================================================
Received Import Request.
  Time since last request: 0.000019 seconds.
  path: Assets/RealisticEngineSound/Assets/Prefabs/Shift_Prefabs/Pack_1/Mobile/ShiftingSound_mob_5.prefab
  artifactKey: Guid(c7497348e9c61384fbccc9ee14150363) Importer(815301076,1909f56bfc062723c751e8b465ee728b)
Start importing Assets/RealisticEngineSound/Assets/Prefabs/Shift_Prefabs/Pack_1/Mobile/ShiftingSound_mob_5.prefab using Guid(c7497348e9c61384fbccc9ee14150363) Importer(815301076,1909f56bfc062723c751e8b465ee728b)  -> (artifact id: '95ef5f49ea4c94ccf6fcf33bbeac21ae') in 0.004422 seconds 
========================================================================
Received Import Request.
  Time since last request: 0.000017 seconds.
  path: Assets/RealisticEngineSound/Assets/Prefabs/Supercharger_Prefabs/Interior/SuperCharger_1_interior.prefab
  artifactKey: Guid(a36aa42acadfaaf45b1327b8493dbc75) Importer(815301076,1909f56bfc062723c751e8b465ee728b)
Start importing Assets/RealisticEngineSound/Assets/Prefabs/Supercharger_Prefabs/Interior/SuperCharger_1_interior.prefab using Guid(a36aa42acadfaaf45b1327b8493dbc75) Importer(815301076,1909f56bfc062723c751e8b465ee728b)  -> (artifact id: 'fb3928c98dad4660212c228d0b5c3726') in 0.004329 seconds 
========================================================================
Received Import Request.
  Time since last request: 0.000015 seconds.
  path: Assets/RealisticEngineSound/Assets/Prefabs/Engine_Prefabs/Mobile/Mobile_Interior/diesel_2.5_german_interior.prefab
  artifactKey: Guid(17c8a06f047570c47bea0ffd173a450a) Importer(815301076,1909f56bfc062723c751e8b465ee728b)
Start importing Assets/RealisticEngineSound/Assets/Prefabs/Engine_Prefabs/Mobile/Mobile_Interior/diesel_2.5_german_interior.prefab using Guid(17c8a06f047570c47bea0ffd173a450a) Importer(815301076,1909f56bfc062723c751e8b465ee728b)  -> (artifact id: '1b859f41b065c48e84f15055f237e705') in 0.005154 seconds 
========================================================================
Received Import Request.
  Time since last request: 0.000015 seconds.
  path: Assets/RealisticEngineSound/Assets/Prefabs/Turbo_Prefabs/Mobile/TurboCharger_mob_4.prefab
  artifactKey: Guid(db314ff062d0080409bb9ef57a48fbde) Importer(815301076,1909f56bfc062723c751e8b465ee728b)
Start importing Assets/RealisticEngineSound/Assets/Prefabs/Turbo_Prefabs/Mobile/TurboCharger_mob_4.prefab using Guid(db314ff062d0080409bb9ef57a48fbde) Importer(815301076,1909f56bfc062723c751e8b465ee728b)  -> (artifact id: '75707631afbaa5b19ad50aa2b7a10228') in 0.005039 seconds 
========================================================================
Received Import Request.
  Time since last request: 0.000018 seconds.
  path: Assets/RealisticEngineSound/Assets/Prefabs/Shift_Prefabs/Pack_2/RandomPacks/TiptronicShiftingRandom_1.prefab
  artifactKey: Guid(04bd9e132fc31d64a98831b899188284) Importer(815301076,1909f56bfc062723c751e8b465ee728b)
Start importing Assets/RealisticEngineSound/Assets/Prefabs/Shift_Prefabs/Pack_2/RandomPacks/TiptronicShiftingRandom_1.prefab using Guid(04bd9e132fc31d64a98831b899188284) Importer(815301076,1909f56bfc062723c751e8b465ee728b)  -> (artifact id: '4f9338141485f4989ea7cc299b3a35d0') in 0.004708 seconds 
========================================================================
Received Import Request.
  Time since last request: 0.000020 seconds.
  path: Assets/RealisticEngineSound/Assets/Prefabs/Supercharger_Prefabs/Mobile/Interior/SuperCharger_mob_int_1.prefab
  artifactKey: Guid(2ecac4c9a9f890847bc561d7c9ebcd77) Importer(815301076,1909f56bfc062723c751e8b465ee728b)
Start importing Assets/RealisticEngineSound/Assets/Prefabs/Supercharger_Prefabs/Mobile/Interior/SuperCharger_mob_int_1.prefab using Guid(2ecac4c9a9f890847bc561d7c9ebcd77) Importer(815301076,1909f56bfc062723c751e8b465ee728b)  -> (artifact id: 'a8a420e2ceba9bbe7b40cf4c583f6ec5') in 0.005104 seconds 
========================================================================
Received Import Request.
  Time since last request: 0.000031 seconds.
  path: Assets/RealisticEngineSound/Assets/Prefabs/RCC_V3_prefabs/i4_serbian.prefab
  artifactKey: Guid(e06463a5bc3dac84d9d15a2bc9cc0cb5) Importer(815301076,1909f56bfc062723c751e8b465ee728b)
Start importing Assets/RealisticEngineSound/Assets/Prefabs/RCC_V3_prefabs/i4_serbian.prefab using Guid(e06463a5bc3dac84d9d15a2bc9cc0cb5) Importer(815301076,1909f56bfc062723c751e8b465ee728b)  -> (artifact id: '0e8331fc35e5871776d15c1d72f179f1') in 0.006906 seconds 
========================================================================
Received Import Request.
  Time since last request: 0.000019 seconds.
  path: Assets/RealisticEngineSound/Assets/Prefabs/Engine_Prefabs/Mobile/rotary_x8_free.prefab
  artifactKey: Guid(9463b2d6bd40d894c9d71e3971b68845) Importer(815301076,1909f56bfc062723c751e8b465ee728b)
Start importing Assets/RealisticEngineSound/Assets/Prefabs/Engine_Prefabs/Mobile/rotary_x8_free.prefab using Guid(9463b2d6bd40d894c9d71e3971b68845) Importer(815301076,1909f56bfc062723c751e8b465ee728b)  -> (artifact id: '85283003b7bb19f4396905c490350a0d') in 0.005056 seconds 
========================================================================
Received Import Request.
  Time since last request: 0.000028 seconds.
  path: Assets/RealisticEngineSound/Assets/Prefabs/Engine_Prefabs/rotary_x8_free.prefab
  artifactKey: Guid(79c49e65875e2b8419fb87b0d847890d) Importer(815301076,1909f56bfc062723c751e8b465ee728b)
Start importing Assets/RealisticEngineSound/Assets/Prefabs/Engine_Prefabs/rotary_x8_free.prefab using Guid(79c49e65875e2b8419fb87b0d847890d) Importer(815301076,1909f56bfc062723c751e8b465ee728b)  -> (artifact id: 'fe7e55af251a2be1614c9cd09e578a6e') in 0.007102 seconds 
========================================================================
Received Import Request.
  Time since last request: 0.000027 seconds.
  path: Assets/RealisticEngineSound/Assets/Prefabs/RCC_V3_prefabs/diesel_2.5_german.prefab
  artifactKey: Guid(ad32c6365caf2f041914052a186901f3) Importer(815301076,1909f56bfc062723c751e8b465ee728b)
Start importing Assets/RealisticEngineSound/Assets/Prefabs/RCC_V3_prefabs/diesel_2.5_german.prefab using Guid(ad32c6365caf2f041914052a186901f3) Importer(815301076,1909f56bfc062723c751e8b465ee728b)  -> (artifact id: '2a112ba07ed280328cba6a0eb2846ee0') in 0.006798 seconds 
========================================================================
Received Import Request.
  Time since last request: 0.000029 seconds.
  path: Assets/RealisticEngineSound/Assets/Prefabs/Turbo_Prefabs/Mobile/TurboCharger_mob_1.prefab
  artifactKey: Guid(f17d64b5b585cb940840bb371a6e450a) Importer(815301076,1909f56bfc062723c751e8b465ee728b)
Start importing Assets/RealisticEngineSound/Assets/Prefabs/Turbo_Prefabs/Mobile/TurboCharger_mob_1.prefab using Guid(f17d64b5b585cb940840bb371a6e450a) Importer(815301076,1909f56bfc062723c751e8b465ee728b)  -> (artifact id: '3bf4f370001a13068d6b5393b16267f4') in 0.005688 seconds 
========================================================================
Received Import Request.
  Time since last request: 0.000020 seconds.
  path: Assets/RealisticEngineSound/Assets/Prefabs/Engine_Prefabs/Interior/i6_german_interior.prefab
  artifactKey: Guid(137e4914deea67b43912ae4a65cf320d) Importer(815301076,1909f56bfc062723c751e8b465ee728b)
Start importing Assets/RealisticEngineSound/Assets/Prefabs/Engine_Prefabs/Interior/i6_german_interior.prefab using Guid(137e4914deea67b43912ae4a65cf320d) Importer(815301076,1909f56bfc062723c751e8b465ee728b)  -> (artifact id: '38320c8748bdc29a474c8bff747c3240') in 0.005597 seconds 
========================================================================
Received Import Request.
  Time since last request: 0.000018 seconds.
  path: Assets/RealisticEngineSound/Assets/Prefabs/Shift_Prefabs/Pack_1/Mobile/ShiftingSound_mob_1.prefab
  artifactKey: Guid(7ad9b89941d69224b8ca170d8a8bfd90) Importer(815301076,1909f56bfc062723c751e8b465ee728b)
Start importing Assets/RealisticEngineSound/Assets/Prefabs/Shift_Prefabs/Pack_1/Mobile/ShiftingSound_mob_1.prefab using Guid(7ad9b89941d69224b8ca170d8a8bfd90) Importer(815301076,1909f56bfc062723c751e8b465ee728b)  -> (artifact id: '71255ef0de455cc87d1d76ca60d96c87') in 0.004429 seconds 
========================================================================
Received Import Request.
  Time since last request: 13.596718 seconds.
  path: Assets/RealisticEngineSound/Assets/Prefabs/Turbo_Prefabs/Mobile/TurboCharger_mob_5.prefab
  artifactKey: Guid(9aa06d11b66a3fe4a924567e367ac04b) Importer(815301076,1909f56bfc062723c751e8b465ee728b)
Start importing Assets/RealisticEngineSound/Assets/Prefabs/Turbo_Prefabs/Mobile/TurboCharger_mob_5.prefab using Guid(9aa06d11b66a3fe4a924567e367ac04b) Importer(815301076,1909f56bfc062723c751e8b465ee728b)  -> (artifact id: '1d754e5769057cef699740852dbc1bab') in 0.005191 seconds 
========================================================================
Received Import Request.
  Time since last request: 0.000018 seconds.
  path: Assets/RealisticEngineSound/Assets/Prefabs/Engine_Prefabs/Mobile/Mobile_Interior/V8_american_modern_interior.prefab
  artifactKey: Guid(b9c5addf71c2a5942b9297d8fff3fa72) Importer(815301076,1909f56bfc062723c751e8b465ee728b)
Start importing Assets/RealisticEngineSound/Assets/Prefabs/Engine_Prefabs/Mobile/Mobile_Interior/V8_american_modern_interior.prefab using Guid(b9c5addf71c2a5942b9297d8fff3fa72) Importer(815301076,1909f56bfc062723c751e8b465ee728b)  -> (artifact id: '856c42f02914592f1fa08d4cbaa05bf8') in 0.005150 seconds 
========================================================================
Received Import Request.
  Time since last request: 0.000035 seconds.
  path: Assets/RealisticEngineSound/Assets/Prefabs/RCC_V3_prefabs/V8_american_classic.prefab
  artifactKey: Guid(29147f4bbef7ae74e9e32cd009962d9f) Importer(815301076,1909f56bfc062723c751e8b465ee728b)
Start importing Assets/RealisticEngineSound/Assets/Prefabs/RCC_V3_prefabs/V8_american_classic.prefab using Guid(29147f4bbef7ae74e9e32cd009962d9f) Importer(815301076,1909f56bfc062723c751e8b465ee728b)  -> (artifact id: 'c2ada34cc380334663eb6fb3776fa415') in 0.007321 seconds 
========================================================================
Received Import Request.
  Time since last request: 0.000018 seconds.
  path: Assets/RealisticEngineSound/Assets/Prefabs/Turbo_Prefabs/Mobile/Interior/TurboCharger_mob_int_5.prefab
  artifactKey: Guid(ed25edac1227ba647878eb399af7e884) Importer(815301076,1909f56bfc062723c751e8b465ee728b)
Start importing Assets/RealisticEngineSound/Assets/Prefabs/Turbo_Prefabs/Mobile/Interior/TurboCharger_mob_int_5.prefab using Guid(ed25edac1227ba647878eb399af7e884) Importer(815301076,1909f56bfc062723c751e8b465ee728b)  -> (artifact id: '0df4206eb901c1851bbc2900869e7f3f') in 0.004625 seconds 
========================================================================
Received Import Request.
  Time since last request: 0.000014 seconds.
  path: Assets/RealisticEngineSound/Assets/Prefabs/Turbo_Prefabs/Mobile/Interior/TurboCharger_mob_int_3.prefab
  artifactKey: Guid(4953800b2d702e94592f80c92f8be11f) Importer(815301076,1909f56bfc062723c751e8b465ee728b)
Start importing Assets/RealisticEngineSound/Assets/Prefabs/Turbo_Prefabs/Mobile/Interior/TurboCharger_mob_int_3.prefab using Guid(4953800b2d702e94592f80c92f8be11f) Importer(815301076,1909f56bfc062723c751e8b465ee728b)  -> (artifact id: '3674c53e85d2d65e85148731508c94d8') in 0.004450 seconds 
========================================================================
Received Import Request.
  Time since last request: 0.000028 seconds.
  path: Assets/RealisticEngineSound/Assets/Prefabs/RCC_V3_prefabs/Mobile/V8_american_modern.prefab
  artifactKey: Guid(ff0c80ade2c63b046953bac5d809e30a) Importer(815301076,1909f56bfc062723c751e8b465ee728b)
Start importing Assets/RealisticEngineSound/Assets/Prefabs/RCC_V3_prefabs/Mobile/V8_american_modern.prefab using Guid(ff0c80ade2c63b046953bac5d809e30a) Importer(815301076,1909f56bfc062723c751e8b465ee728b)  -> (artifact id: '888e811e42e743f93fc7aeeacc94b383') in 0.008228 seconds 
========================================================================
Received Import Request.
  Time since last request: 0.000029 seconds.
  path: Assets/RealisticEngineSound/Assets/Prefabs/RCC_V3_prefabs/Interior/V8_american_classic_interior.prefab
  artifactKey: Guid(3edb8acb71e032141a983de28796c87a) Importer(815301076,1909f56bfc062723c751e8b465ee728b)
Start importing Assets/RealisticEngineSound/Assets/Prefabs/RCC_V3_prefabs/Interior/V8_american_classic_interior.prefab using Guid(3edb8acb71e032141a983de28796c87a) Importer(815301076,1909f56bfc062723c751e8b465ee728b)  -> (artifact id: '9184d2ac4971c3316c3b364a8630a0ba') in 0.010204 seconds 
========================================================================
Received Import Request.
  Time since last request: 0.000022 seconds.
  path: Assets/RealisticEngineSound/Assets/Prefabs/RCC_V3_prefabs/Mobile/V8_american_classic.prefab
  artifactKey: Guid(c0137f6f92445144998803b7d6e5275c) Importer(815301076,1909f56bfc062723c751e8b465ee728b)
Start importing Assets/RealisticEngineSound/Assets/Prefabs/RCC_V3_prefabs/Mobile/V8_american_classic.prefab using Guid(c0137f6f92445144998803b7d6e5275c) Importer(815301076,1909f56bfc062723c751e8b465ee728b)  -> (artifact id: 'f050457804dda193bf7014bc14236b65') in 0.006086 seconds 
========================================================================
Received Import Request.
  Time since last request: 0.042047 seconds.
  path: Assets/RealisticEngineSound/Assets/Prefabs/Engine_Prefabs/Interior/V8_american_modern_interior.prefab
  artifactKey: Guid(12e8ae2643ca18849a0822553d06d713) Importer(815301076,1909f56bfc062723c751e8b465ee728b)
Start importing Assets/RealisticEngineSound/Assets/Prefabs/Engine_Prefabs/Interior/V8_american_modern_interior.prefab using Guid(12e8ae2643ca18849a0822553d06d713) Importer(815301076,1909f56bfc062723c751e8b465ee728b)  -> (artifact id: '90923da4b71f6554a8ef9ddb6689e55b') in 0.005594 seconds 
========================================================================
Received Import Request.
  Time since last request: 0.000016 seconds.
  path: Assets/RealisticEngineSound/Assets/Prefabs/Engine_Prefabs/Mobile/Mobile_Interior/v8_italian_f355_interior.prefab
  artifactKey: Guid(1d74fcddb0a33d74295efecc119e0a62) Importer(815301076,1909f56bfc062723c751e8b465ee728b)
Start importing Assets/RealisticEngineSound/Assets/Prefabs/Engine_Prefabs/Mobile/Mobile_Interior/v8_italian_f355_interior.prefab using Guid(1d74fcddb0a33d74295efecc119e0a62) Importer(815301076,1909f56bfc062723c751e8b465ee728b)  -> (artifact id: '33883b7119cee6fb9a475d1f8103277c') in 0.005818 seconds 
========================================================================
Received Import Request.
  Time since last request: 0.000017 seconds.
  path: Assets/RealisticEngineSound/Assets/Prefabs/Engine_Prefabs/Mobile/v8_italian_f355.prefab
  artifactKey: Guid(7b6e1284c089c6a4389a5041bc5086dc) Importer(815301076,1909f56bfc062723c751e8b465ee728b)
Start importing Assets/RealisticEngineSound/Assets/Prefabs/Engine_Prefabs/Mobile/v8_italian_f355.prefab using Guid(7b6e1284c089c6a4389a5041bc5086dc) Importer(815301076,1909f56bfc062723c751e8b465ee728b)  -> (artifact id: 'b3ce02439458ba46545a53621bfa8ab6') in 0.005357 seconds 
========================================================================
Received Import Request.
  Time since last request: 0.000019 seconds.
  path: Assets/RealisticEngineSound/Assets/Prefabs/RCC_V3_prefabs/Mobile/Interior/v8_italian_interior.prefab
  artifactKey: Guid(68426a6cd99225f43890e310f37b124d) Importer(815301076,1909f56bfc062723c751e8b465ee728b)
Start importing Assets/RealisticEngineSound/Assets/Prefabs/RCC_V3_prefabs/Mobile/Interior/v8_italian_interior.prefab using Guid(68426a6cd99225f43890e310f37b124d) Importer(815301076,1909f56bfc062723c751e8b465ee728b)  -> (artifact id: '5d92b8fbb8d997625d5e3e533d447510') in 0.006047 seconds 
========================================================================
Received Import Request.
  Time since last request: 0.000015 seconds.
  path: Assets/RealisticEngineSound/Assets/Prefabs/RCC_V3_prefabs/Mobile/v8_italian_f355.prefab
  artifactKey: Guid(2162b0fd07974c6409842ac0581080be) Importer(815301076,1909f56bfc062723c751e8b465ee728b)
Start importing Assets/RealisticEngineSound/Assets/Prefabs/RCC_V3_prefabs/Mobile/v8_italian_f355.prefab using Guid(2162b0fd07974c6409842ac0581080be) Importer(815301076,1909f56bfc062723c751e8b465ee728b)  -> (artifact id: '39d52e598f9d5d5fc4a7d765fed56fbf') in 0.005284 seconds 
========================================================================
Received Import Request.
  Time since last request: 0.000029 seconds.
  path: Assets/RealisticEngineSound/Assets/Prefabs/RCC_V3_prefabs/Mobile/Interior/v8_italian_f355_interior.prefab
  artifactKey: Guid(7fb6585a144a9744b8ceb9adeb7702db) Importer(815301076,1909f56bfc062723c751e8b465ee728b)
Start importing Assets/RealisticEngineSound/Assets/Prefabs/RCC_V3_prefabs/Mobile/Interior/v8_italian_f355_interior.prefab using Guid(7fb6585a144a9744b8ceb9adeb7702db) Importer(815301076,1909f56bfc062723c751e8b465ee728b)  -> (artifact id: 'ccda7f80f164754cc5883a5b8e0b4b07') in 0.007454 seconds 
========================================================================
Received Import Request.
  Time since last request: 0.000029 seconds.
  path: Assets/RealisticEngineSound/Assets/Prefabs/Engine_Prefabs/Mobile/v10_german.prefab
  artifactKey: Guid(3ae7ec5ba81f8a845a3a9da65c6481e4) Importer(815301076,1909f56bfc062723c751e8b465ee728b)
Start importing Assets/RealisticEngineSound/Assets/Prefabs/Engine_Prefabs/Mobile/v10_german.prefab using Guid(3ae7ec5ba81f8a845a3a9da65c6481e4) Importer(815301076,1909f56bfc062723c751e8b465ee728b)  -> (artifact id: '4a6872f035d4ab01b8dfeab258027ccd') in 0.005407 seconds 
========================================================================
Received Import Request.
  Time since last request: 11.523303 seconds.
  path: Assets/RealisticEngineSound/Assets/Prefabs/Engine_Prefabs/Mobile/Mobile_Interior/v10_german_interior.prefab
  artifactKey: Guid(1451f6db37532164aa98ff675b4135df) Importer(815301076,1909f56bfc062723c751e8b465ee728b)
Start importing Assets/RealisticEngineSound/Assets/Prefabs/Engine_Prefabs/Mobile/Mobile_Interior/v10_german_interior.prefab using Guid(1451f6db37532164aa98ff675b4135df) Importer(815301076,1909f56bfc062723c751e8b465ee728b)  -> (artifact id: 'ff5ea302c5c66f74cc4a9ba9d6a95cc4') in 0.006068 seconds 
========================================================================
Received Import Request.
  Time since last request: 0.000023 seconds.
  path: Assets/RealisticEngineSound/Assets/Prefabs/Engine_Prefabs/Interior/v10_italian_interior.prefab
  artifactKey: Guid(d32852f2704f7224391454aed9f4f576) Importer(815301076,1909f56bfc062723c751e8b465ee728b)
Start importing Assets/RealisticEngineSound/Assets/Prefabs/Engine_Prefabs/Interior/v10_italian_interior.prefab using Guid(d32852f2704f7224391454aed9f4f576) Importer(815301076,1909f56bfc062723c751e8b465ee728b)  -> (artifact id: '5b23fa08a019bd47735f57045bb4d91d') in 0.007178 seconds 
========================================================================
Received Import Request.
  Time since last request: 0.000017 seconds.
  path: Assets/RealisticEngineSound/Assets/Prefabs/RCC_V3_prefabs/Interior/v10_italian_interior.prefab
  artifactKey: Guid(2bd4dfb246422b74ead4bb910f54d3b0) Importer(815301076,1909f56bfc062723c751e8b465ee728b)
Start importing Assets/RealisticEngineSound/Assets/Prefabs/RCC_V3_prefabs/Interior/v10_italian_interior.prefab using Guid(2bd4dfb246422b74ead4bb910f54d3b0) Importer(815301076,1909f56bfc062723c751e8b465ee728b)  -> (artifact id: '94405f46de09750365fc3ec133ae3847') in 0.006142 seconds 
========================================================================
Received Import Request.
  Time since last request: 0.000017 seconds.
  path: Assets/RealisticEngineSound/Assets/Prefabs/Engine_Prefabs/v10_italian.prefab
  artifactKey: Guid(122541b8144112244ac2966350502b16) Importer(815301076,1909f56bfc062723c751e8b465ee728b)
Start importing Assets/RealisticEngineSound/Assets/Prefabs/Engine_Prefabs/v10_italian.prefab using Guid(122541b8144112244ac2966350502b16) Importer(815301076,1909f56bfc062723c751e8b465ee728b)  -> (artifact id: '0ddbf4a51d6a3649ce9e7e50a4fa13e8') in 0.005261 seconds 
========================================================================
Received Import Request.
  Time since last request: 34671.413796 seconds.
  path: Assets/RealisticEngineSound/DemoScene
  artifactKey: Guid(ea3cd0db6ec25df4d91b80e2841ca61e) Importer(815301076,1909f56bfc062723c751e8b465ee728b)
Start importing Assets/RealisticEngineSound/DemoScene using Guid(ea3cd0db6ec25df4d91b80e2841ca61e) Importer(815301076,1909f56bfc062723c751e8b465ee728b)  -> (artifact id: '172a6398dcdc40c59aa5543453df2014') in 0.002101 seconds 
========================================================================
Received Import Request.
  Time since last request: 1.725996 seconds.
  path: Assets/RealisticEngineSound/DemoScene/RCC_V3_scenes
  artifactKey: Guid(fece52cd5fb17644abe0b7c3355ea06f) Importer(815301076,1909f56bfc062723c751e8b465ee728b)
Start importing Assets/RealisticEngineSound/DemoScene/RCC_V3_scenes using Guid(fece52cd5fb17644abe0b7c3355ea06f) Importer(815301076,1909f56bfc062723c751e8b465ee728b)  -> (artifact id: 'b3ff868a0731af09da046ac17bef7464') in 0.001880 seconds 
========================================================================
Received Import Request.
  Time since last request: 15.625763 seconds.
  path: Assets/RealisticEngineSound/DemoScene/mobile_slider_demo_scene.unity
  artifactKey: Guid(9f3bbb1531119f1419f5a6b0d722574f) Importer(815301076,1909f56bfc062723c751e8b465ee728b)
Start importing Assets/RealisticEngineSound/DemoScene/mobile_slider_demo_scene.unity using Guid(9f3bbb1531119f1419f5a6b0d722574f) Importer(815301076,1909f56bfc062723c751e8b465ee728b)  -> (artifact id: 'b2832db498cc307975f281ca466a867d') in 0.001867 seconds 
========================================================================
Received Import Request.
  Time since last request: 3.078781 seconds.
  path: Assets/RealisticEngineSound/DemoScene/_slider_demo_scene.unity
  artifactKey: Guid(a6beca517f81170449f0767d88d906d8) Importer(815301076,1909f56bfc062723c751e8b465ee728b)
Start importing Assets/RealisticEngineSound/DemoScene/_slider_demo_scene.unity using Guid(a6beca517f81170449f0767d88d906d8) Importer(815301076,1909f56bfc062723c751e8b465ee728b)  -> (artifact id: 'f48c8db98c5756f7c6e003eaa473b32c') in 0.001964 seconds 
========================================================================
Received Import Request.
  Time since last request: 0.384779 seconds.
  path: Assets/RealisticEngineSound/DemoScene/_slider_demo_sceneSettings.lighting
  artifactKey: Guid(bd1b117bdb50545c19b3b131fb690f75) Importer(815301076,1909f56bfc062723c751e8b465ee728b)
Start importing Assets/RealisticEngineSound/DemoScene/_slider_demo_sceneSettings.lighting using Guid(bd1b117bdb50545c19b3b131fb690f75) Importer(815301076,1909f56bfc062723c751e8b465ee728b) LightingSettings: switching bake backend from 1 to 0.
 -> (artifact id: '74c812e6044c71daf834dfa6fe74b821') in 0.004078 seconds 
========================================================================
Received Import Request.
  Time since last request: 136.247779 seconds.
  path: Assets/RealisticEngineSound/Documentation/RES_Plus_logo.png
  artifactKey: Guid(2bd305793fc03cb4181d9885f41a46a1) Importer(815301076,1909f56bfc062723c751e8b465ee728b)
Start importing Assets/RealisticEngineSound/Documentation/RES_Plus_logo.png using Guid(2bd305793fc03cb4181d9885f41a46a1) Importer(815301076,1909f56bfc062723c751e8b465ee728b)  -> (artifact id: '3ec13b5f5ffa26e50025b600087f2d69') in 0.226065 seconds 
========================================================================
Received Import Request.
  Time since last request: 9.574700 seconds.
  path: Assets/RealisticEngineSound/Documentation/RES_logo_ReadMe.txt
  artifactKey: Guid(8727a51812f7bc445ad6944c741c402e) Importer(815301076,1909f56bfc062723c751e8b465ee728b)
Start importing Assets/RealisticEngineSound/Documentation/RES_logo_ReadMe.txt using Guid(8727a51812f7bc445ad6944c741c402e) Importer(815301076,1909f56bfc062723c751e8b465ee728b)  -> (artifact id: 'aaaa6b5f9400dec15a746b12a3806f0f') in 0.002033 seconds 
========================================================================
Received Import Request.
  Time since last request: 1.342464 seconds.
  path: Assets/RealisticEngineSound/Documentation/Release Notes.txt
  artifactKey: Guid(db09cf25ebdc2c349ba0cb527012c8ae) Importer(815301076,1909f56bfc062723c751e8b465ee728b)
Start importing Assets/RealisticEngineSound/Documentation/Release Notes.txt using Guid(db09cf25ebdc2c349ba0cb527012c8ae) Importer(815301076,1909f56bfc062723c751e8b465ee728b)  -> (artifact id: '1df839b8268785195cba0990a6fb7187') in 0.001978 seconds 
========================================================================
Received Import Request.
  Time since last request: 4.556687 seconds.
  path: Assets/RealisticEngineSound/Documentation/Realistic Engine Sounds Plus Documentation.pdf
  artifactKey: Guid(6f58484fea3186a47af2f9d0357fdd33) Importer(815301076,1909f56bfc062723c751e8b465ee728b)
Start importing Assets/RealisticEngineSound/Documentation/Realistic Engine Sounds Plus Documentation.pdf using Guid(6f58484fea3186a47af2f9d0357fdd33) Importer(815301076,1909f56bfc062723c751e8b465ee728b)  -> (artifact id: '788557f6d50c0b44f06f6cefa7c0d4c9') in 0.007082 seconds 
========================================================================
Received Import Request.
  Time since last request: 45.127293 seconds.
  path: Assets/FlamingSands_Cars/sport_car_1/sport_car_1.fbx
  artifactKey: Guid(c5c80a52ec520a949aba075f46688c6a) Importer(815301076,1909f56bfc062723c751e8b465ee728b)
Start importing Assets/FlamingSands_Cars/sport_car_1/sport_car_1.fbx using Guid(c5c80a52ec520a949aba075f46688c6a) Importer(815301076,1909f56bfc062723c751e8b465ee728b)  -> (artifact id: '47690548d565e9cc1499d02790a95652') in 0.322870 seconds 
========================================================================
Received Import Request.
  Time since last request: 20.290868 seconds.
  path: Assets/FlamingSands_Cars/sport_car_1/sport_car_1.fbx
  artifactKey: Guid(c5c80a52ec520a949aba075f46688c6a) Importer(815301076,1909f56bfc062723c751e8b465ee728b)
Start importing Assets/FlamingSands_Cars/sport_car_1/sport_car_1.fbx using Guid(c5c80a52ec520a949aba075f46688c6a) Importer(815301076,1909f56bfc062723c751e8b465ee728b)  -> (artifact id: '449dc0f8178e8a254221a9a5c68a830c') in 0.386236 seconds 
========================================================================
Received Import Request.
  Time since last request: 40.564620 seconds.
  path: Assets/FlamingSands_Cars/sport_car_1/sport_car_1_body_custom_o.png
  artifactKey: Guid(e4236dac0884b3c4d8c1266d721bb038) Importer(815301076,1909f56bfc062723c751e8b465ee728b)
Start importing Assets/FlamingSands_Cars/sport_car_1/sport_car_1_body_custom_o.png using Guid(e4236dac0884b3c4d8c1266d721bb038) Importer(815301076,1909f56bfc062723c751e8b465ee728b)  -> (artifact id: 'c8957dd815e018fe17f6bc6ba8d24052') in 0.009546 seconds 
========================================================================
Received Import Request.
  Time since last request: 0.000026 seconds.
  path: Assets/FlamingSands_Cars/sport_car_1/sport_car_1_custom.prefab
  artifactKey: Guid(19c15655c6ee95746b4d842244c9d27a) Importer(815301076,1909f56bfc062723c751e8b465ee728b)
Start importing Assets/FlamingSands_Cars/sport_car_1/sport_car_1_custom.prefab using Guid(19c15655c6ee95746b4d842244c9d27a) Importer(815301076,1909f56bfc062723c751e8b465ee728b)  -> (artifact id: 'a3956b49f52ef77d4d63815009a5ed04') in 0.036504 seconds 
========================================================================
Received Import Request.
  Time since last request: 6.203354 seconds.
  path: Assets/FlamingSands_Cars/sport_car_1/sport_car_1_body_custom.png
  artifactKey: Guid(ceaa5339f2027674ea2bb28d3e86163b) Importer(815301076,1909f56bfc062723c751e8b465ee728b)
Start importing Assets/FlamingSands_Cars/sport_car_1/sport_car_1_body_custom.png using Guid(ceaa5339f2027674ea2bb28d3e86163b) Importer(815301076,1909f56bfc062723c751e8b465ee728b)  -> (artifact id: '4bd70d1113374f93d4c9921388d078f0') in 0.008401 seconds 
========================================================================
Received Import Request.
  Time since last request: 13.846347 seconds.
  path: Assets/FlamingSands_Cars/sport_car_1/Materials
  artifactKey: Guid(43ba87502ff584b44ac25c6f0e231ece) Importer(815301076,1909f56bfc062723c751e8b465ee728b)
Start importing Assets/FlamingSands_Cars/sport_car_1/Materials using Guid(43ba87502ff584b44ac25c6f0e231ece) Importer(815301076,1909f56bfc062723c751e8b465ee728b)  -> (artifact id: '0496b2b0ca796b0412282595d0325a55') in 0.001795 seconds 
========================================================================
Received Import Request.
  Time since last request: 0.056143 seconds.
  path: Assets/FlamingSands_Cars/sport_car_1/Materials/sport_car_1_body.mat
  artifactKey: Guid(384e5546512b5f543b3f4d607c4e4882) Importer(815301076,1909f56bfc062723c751e8b465ee728b)
Start importing Assets/FlamingSands_Cars/sport_car_1/Materials/sport_car_1_body.mat using Guid(384e5546512b5f543b3f4d607c4e4882) Importer(815301076,1909f56bfc062723c751e8b465ee728b)  -> (artifact id: 'deebd48a91aa4aa72e6caab1ed6eb5a4') in 0.075929 seconds 
========================================================================
Received Import Request.
  Time since last request: 0.000019 seconds.
  path: Assets/FlamingSands_Cars/sport_car_1/Materials/sport_car_1_custom_body.mat
  artifactKey: Guid(a58bc88b500f3654f889373c463e4cdd) Importer(815301076,1909f56bfc062723c751e8b465ee728b)
Start importing Assets/FlamingSands_Cars/sport_car_1/Materials/sport_car_1_custom_body.mat using Guid(a58bc88b500f3654f889373c463e4cdd) Importer(815301076,1909f56bfc062723c751e8b465ee728b)  -> (artifact id: 'b09b1e23fee7d7b638a10c979f9eb2e2') in 0.014120 seconds 
========================================================================
Received Import Request.
  Time since last request: 0.000026 seconds.
  path: Assets/FlamingSands_Cars/sport_car_1/Materials/sport_car_1_lights_blinker_r.mat
  artifactKey: Guid(277a2319f7bbee24080f5fe66241fa8d) Importer(815301076,1909f56bfc062723c751e8b465ee728b)
Start importing Assets/FlamingSands_Cars/sport_car_1/Materials/sport_car_1_lights_blinker_r.mat using Guid(277a2319f7bbee24080f5fe66241fa8d) Importer(815301076,1909f56bfc062723c751e8b465ee728b)  -> (artifact id: '2eae07ddc33f8849ccb17355ab5b22bc') in 0.012712 seconds 
========================================================================
Received Import Request.
  Time since last request: 0.000016 seconds.
  path: Assets/FlamingSands_Cars/sport_car_1/Materials/sport_car_1_windows.mat
  artifactKey: Guid(bd10ab4110f26c14da17c02c3798fbf8) Importer(815301076,1909f56bfc062723c751e8b465ee728b)
Start importing Assets/FlamingSands_Cars/sport_car_1/Materials/sport_car_1_windows.mat using Guid(bd10ab4110f26c14da17c02c3798fbf8) Importer(815301076,1909f56bfc062723c751e8b465ee728b)  -> (artifact id: '76d8b305a2ba93ad34947b78c223fddd') in 0.013168 seconds 
========================================================================
Received Import Request.
  Time since last request: 0.000018 seconds.
  path: Assets/FlamingSands_Cars/sport_car_1/Materials/sport_car_1_lights_main.mat
  artifactKey: Guid(fa58c0afbcf085c4db860ef8508cb599) Importer(815301076,1909f56bfc062723c751e8b465ee728b)
Start importing Assets/FlamingSands_Cars/sport_car_1/Materials/sport_car_1_lights_main.mat using Guid(fa58c0afbcf085c4db860ef8508cb599) Importer(815301076,1909f56bfc062723c751e8b465ee728b)  -> (artifact id: '6ab3b6748957c35df6db335f17518949') in 0.010641 seconds 
========================================================================
Received Import Request.
  Time since last request: 0.000019 seconds.
  path: Assets/FlamingSands_Cars/sport_car_1/Materials/sport_car_1_lights_reverse.mat
  artifactKey: Guid(f7235e877dcd21e45929da84b1e9f916) Importer(815301076,1909f56bfc062723c751e8b465ee728b)
Start importing Assets/FlamingSands_Cars/sport_car_1/Materials/sport_car_1_lights_reverse.mat using Guid(f7235e877dcd21e45929da84b1e9f916) Importer(815301076,1909f56bfc062723c751e8b465ee728b)  -> (artifact id: '27625034ecb435f518fabca684509c7d') in 0.009443 seconds 
========================================================================
Received Import Request.
  Time since last request: 143.300038 seconds.
  path: Assets/FlamingSands_Cars/sport_car_1/Materials/sport_car_1_body_reflective.mat
  artifactKey: Guid(f834599deae512f49adc489e8034ff95) Importer(815301076,1909f56bfc062723c751e8b465ee728b)
Start importing Assets/FlamingSands_Cars/sport_car_1/Materials/sport_car_1_body_reflective.mat using Guid(f834599deae512f49adc489e8034ff95) Importer(815301076,1909f56bfc062723c751e8b465ee728b)  -> (artifact id: 'a2d1bcf3a800a258ce74a2b958084be1') in 0.055724 seconds 
========================================================================
Received Import Request.
  Time since last request: 11.017227 seconds.
  path: Assets/FlamingSands_Cars/sport_car_1/sport_car_1_custom.fbx
  artifactKey: Guid(0539f935f9cdea943b1c186e02c8976e) Importer(815301076,1909f56bfc062723c751e8b465ee728b)
Start importing Assets/FlamingSands_Cars/sport_car_1/sport_car_1_custom.fbx using Guid(0539f935f9cdea943b1c186e02c8976e) Importer(815301076,1909f56bfc062723c751e8b465ee728b)  -> (artifact id: '83e5c121db8ff8f87f07321692f4db43') in 0.096752 seconds 
========================================================================
Received Import Request.
  Time since last request: 11.832916 seconds.
  path: Assets/FlamingSands_Cars/sport_car_1/sport_car_1_custom.fbx
  artifactKey: Guid(0539f935f9cdea943b1c186e02c8976e) Importer(815301076,1909f56bfc062723c751e8b465ee728b)
Start importing Assets/FlamingSands_Cars/sport_car_1/sport_car_1_custom.fbx using Guid(0539f935f9cdea943b1c186e02c8976e) Importer(815301076,1909f56bfc062723c751e8b465ee728b)  -> (artifact id: 'bc3c7dabd41ca54f266681ea00bcc02d') in 0.163295 seconds 
========================================================================
Received Import Request.
  Time since last request: 19.935426 seconds.
  path: Assets/FlamingSands_Cars/sport_car_1/Materials/sport_car_1_custom_body.mat
  artifactKey: Guid(a58bc88b500f3654f889373c463e4cdd) Importer(815301076,1909f56bfc062723c751e8b465ee728b)
Start importing Assets/FlamingSands_Cars/sport_car_1/Materials/sport_car_1_custom_body.mat using Guid(a58bc88b500f3654f889373c463e4cdd) Importer(815301076,1909f56bfc062723c751e8b465ee728b)  -> (artifact id: 'db80237b77de7a3f92670a5e136cff26') in 0.046587 seconds 
========================================================================
Received Import Request.
  Time since last request: 208.433610 seconds.
  path: Assets/Car Engine Sound - i6 German Free/Documentation/Read Me.txt
  artifactKey: Guid(229ae11702a718d48973186e70ca5062) Importer(815301076,1909f56bfc062723c751e8b465ee728b)
Start importing Assets/Car Engine Sound - i6 German Free/Documentation/Read Me.txt using Guid(229ae11702a718d48973186e70ca5062) Importer(815301076,1909f56bfc062723c751e8b465ee728b)  -> (artifact id: '286b6a3e54e00b85b46c114c70df9d90') in 0.003757 seconds 
========================================================================
Received Import Request.
  Time since last request: 30.299964 seconds.
  path: Assets/FlamingSands_Cars/generic/Reflection.exr
  artifactKey: Guid(eee7c8752f0e6d64590e6b49813464f1) Importer(815301076,1909f56bfc062723c751e8b465ee728b)
Start importing Assets/FlamingSands_Cars/generic/Reflection.exr using Guid(eee7c8752f0e6d64590e6b49813464f1) Importer(815301076,1909f56bfc062723c751e8b465ee728b)  -> (artifact id: 'ac4894366698d1304b3ad97b318d791e') in 0.100026 seconds 
========================================================================
Received Import Request.
  Time since last request: 0.000048 seconds.
  path: Assets/FlamingSands_Cars/generic/vehicle_generic_wheel.png
  artifactKey: Guid(6caf82b44b13b054f986b2686b953632) Importer(815301076,1909f56bfc062723c751e8b465ee728b)
Start importing Assets/FlamingSands_Cars/generic/vehicle_generic_wheel.png using Guid(6caf82b44b13b054f986b2686b953632) Importer(815301076,1909f56bfc062723c751e8b465ee728b)  -> (artifact id: 'ec5f68ae75efe4ff851f7b6754465c70') in 0.024903 seconds 
========================================================================
Received Import Request.
  Time since last request: 0.000045 seconds.
  path: Assets/FlamingSands_Cars/generic/vehicle_generic_detail.psd
  artifactKey: Guid(2a3b276a1034c6041bc59c6153f9fa86) Importer(815301076,1909f56bfc062723c751e8b465ee728b)
Start importing Assets/FlamingSands_Cars/generic/vehicle_generic_detail.psd using Guid(2a3b276a1034c6041bc59c6153f9fa86) Importer(815301076,1909f56bfc062723c751e8b465ee728b)  -> (artifact id: '57c5886b36f7052fe8324f7a1e8c379c') in 0.024660 seconds 
========================================================================
Received Import Request.
  Time since last request: 9.851991 seconds.
  path: Assets/FlamingSands_Cars/generic/Materials/vehicle_generic_detail.mat
  artifactKey: Guid(4bbe9d8c73e1a854e9f10a08674157a0) Importer(815301076,1909f56bfc062723c751e8b465ee728b)
Start importing Assets/FlamingSands_Cars/generic/Materials/vehicle_generic_detail.mat using Guid(4bbe9d8c73e1a854e9f10a08674157a0) Importer(815301076,1909f56bfc062723c751e8b465ee728b)  -> (artifact id: '63173180b6a72fd07c6f2d379a5521a5') in 0.014087 seconds 
Editor requested this worker to shutdown with reason: Scaling down because of idle timeout
AssetImportWorker is now disconnected from the server
Process exiting
Exiting without the bug reporter. Application will terminate with return code 0