Using pre-set license
Built from '2022.3/staging' branch; Version is '2022.3.15f1 (b58023a2b463) revision 11894819'; Using compiler version '192829333'; Build Type 'Release'
OS: 'Windows 10  (10.0.19045) 64bit Professional' Language: 'en' Physical Memory: 32679 MB
BatchMode: 1, IsHumanControllingUs: 0, StartBugReporterOnCrash: 0, Is64bit: 1, IsPro: 1

COMMAND LINE ARGUMENTS:
C:\Program Files\Unity\Hub\Editor\2022.3.15f1\Editor\Unity.exe
-adb2
-batchMode
-noUpm
-name
AssetImportWorker0
-projectPath
E:/projs/CarProj/CarRunner
-logFile
Logs/AssetImportWorker0.log
-srvPort
62538
Successfully changed project path to: E:/projs/CarProj/CarRunner
E:/projs/CarProj/CarRunner
[UnityMemory] Configuration Parameters - Can be set up in boot.config
    "memorysetup-bucket-allocator-granularity=16"
    "memorysetup-bucket-allocator-bucket-count=8"
    "memorysetup-bucket-allocator-block-size=33554432"
    "memorysetup-bucket-allocator-block-count=8"
    "memorysetup-main-allocator-block-size=16777216"
    "memorysetup-thread-allocator-block-size=16777216"
    "memorysetup-gfx-main-allocator-block-size=16777216"
    "memorysetup-gfx-thread-allocator-block-size=16777216"
    "memorysetup-cache-allocator-block-size=4194304"
    "memorysetup-typetree-allocator-block-size=2097152"
    "memorysetup-profiler-bucket-allocator-granularity=16"
    "memorysetup-profiler-bucket-allocator-bucket-count=8"
    "memorysetup-profiler-bucket-allocator-block-size=33554432"
    "memorysetup-profiler-bucket-allocator-block-count=8"
    "memorysetup-profiler-allocator-block-size=16777216"
    "memorysetup-profiler-editor-allocator-block-size=1048576"
    "memorysetup-temp-allocator-size-main=16777216"
    "memorysetup-job-temp-allocator-block-size=2097152"
    "memorysetup-job-temp-allocator-block-size-background=1048576"
    "memorysetup-job-temp-allocator-reduction-small-platforms=262144"
    "memorysetup-allocator-temp-initial-block-size-main=262144"
    "memorysetup-allocator-temp-initial-block-size-worker=262144"
    "memorysetup-temp-allocator-size-background-worker=32768"
    "memorysetup-temp-allocator-size-job-worker=262144"
    "memorysetup-temp-allocator-size-preload-manager=33554432"
    "memorysetup-temp-allocator-size-nav-mesh-worker=65536"
    "memorysetup-temp-allocator-size-audio-worker=65536"
    "memorysetup-temp-allocator-size-cloud-worker=32768"
    "memorysetup-temp-allocator-size-gi-baking-worker=262144"
    "memorysetup-temp-allocator-size-gfx=262144"
Player connection [31784] Host "[IP] 192.168.56.1 [Port] 0 [Flags] 2 [Guid] 3719570886 [EditorId] 3719570886 [Version] 1048832 [Id] WindowsEditor(7,DESKTOP-5NJGI3O) [Debug] 1 [PackageName] WindowsEditor [ProjectName] Editor" joined multi-casting on [225.0.0.222:54997]...

Player connection [31784] Host "[IP] 192.168.56.1 [Port] 0 [Flags] 2 [Guid] 3719570886 [EditorId] 3719570886 [Version] 1048832 [Id] WindowsEditor(7,DESKTOP-5NJGI3O) [Debug] 1 [PackageName] WindowsEditor [ProjectName] Editor" joined alternative multi-casting on [225.0.0.222:34997]...

[Physics::Module] Initialized MultithreadedJobDispatcher with 15 workers.
Refreshing native plugins compatible for Editor in 6.41 ms, found 3 plugins.
Preloading 0 native plugins for Editor in 0.00 ms.
Initialize engine version: 2022.3.15f1 (b58023a2b463)
[Subsystems] Discovering subsystems at path C:/Program Files/Unity/Hub/Editor/2022.3.15f1/Editor/Data/Resources/UnitySubsystems
[Subsystems] Discovering subsystems at path E:/projs/CarProj/CarRunner/Assets
GfxDevice: creating device client; threaded=0; jobified=0
Direct3D:
    Version:  Direct3D 11.0 [level 11.1]
    Renderer: AMD Radeon RX 6700 XT (ID=0x73df)
    Vendor:   ATI
    VRAM:     12243 MB
    Driver:   31.0.22023.1014
Initialize mono
Mono path[0] = 'C:/Program Files/Unity/Hub/Editor/2022.3.15f1/Editor/Data/Managed'
Mono path[1] = 'C:/Program Files/Unity/Hub/Editor/2022.3.15f1/Editor/Data/MonoBleedingEdge/lib/mono/unityjit-win32'
Mono config path = 'C:/Program Files/Unity/Hub/Editor/2022.3.15f1/Editor/Data/MonoBleedingEdge/etc'
Using monoOptions --debugger-agent=transport=dt_socket,embedding=1,server=y,suspend=n,address=127.0.0.1:56124
Begin MonoManager ReloadAssembly
Registering precompiled unity dll's ...
Register platform support module: C:/Program Files/Unity/Hub/Editor/2022.3.15f1/Editor/Data/PlaybackEngines/WindowsStandaloneSupport/UnityEditor.WindowsStandalone.Extensions.dll
Registered in 0.008558 seconds.
- Loaded All Assemblies, in  0.266 seconds
Native extension for WindowsStandalone target not found
Mono: successfully reloaded assembly
- Finished resetting the current domain, in  0.209 seconds
Domain Reload Profiling: 473ms
	BeginReloadAssembly (88ms)
		ExecutionOrderSort (0ms)
		DisableScriptedObjects (0ms)
		BackupInstance (0ms)
		ReleaseScriptingObjects (0ms)
		CreateAndSetChildDomain (1ms)
	RebuildCommonClasses (26ms)
	RebuildNativeTypeToScriptingClass (7ms)
	initialDomainReloadingComplete (50ms)
	LoadAllAssembliesAndSetupDomain (92ms)
		LoadAssemblies (86ms)
		RebuildTransferFunctionScriptingTraits (0ms)
		AnalyzeDomain (91ms)
			TypeCache.Refresh (90ms)
				TypeCache.ScanAssembly (80ms)
			ScanForSourceGeneratedMonoScriptInfo (0ms)
			ResolveRequiredComponents (0ms)
	FinalizeReload (210ms)
		ReleaseScriptCaches (0ms)
		RebuildScriptCaches (0ms)
		SetupLoadedEditorAssemblies (165ms)
			LogAssemblyErrors (0ms)
			InitializePlatformSupportModulesInManaged (8ms)
			SetLoadedEditorAssemblies (5ms)
			RefreshPlugins (0ms)
			BeforeProcessingInitializeOnLoad (2ms)
			ProcessInitializeOnLoadAttributes (115ms)
			ProcessInitializeOnLoadMethodAttributes (35ms)
			AfterProcessingInitializeOnLoad (0ms)
			EditorAssembliesLoaded (0ms)
		ExecutionOrderSort2 (0ms)
		AwakeInstancesAfterBackupRestoration (0ms)
========================================================================
Worker process is ready to serve import requests
Begin MonoManager ReloadAssembly
- Loaded All Assemblies, in  0.481 seconds
Refreshing native plugins compatible for Editor in 2.77 ms, found 3 plugins.
Native extension for WindowsStandalone target not found
Package Manager log level set to [2]
[Package Manager] Server::EnsureServerProcessIsRunning -- launch failed, reason: Unity was launched with the -noUpm command-line argument
[Package Manager] UpmClient::Send -- Unable to send message (not connected to UPM process).
[Package Manager] Cannot connect to Unity Package Manager local server
Mono: successfully reloaded assembly
- Finished resetting the current domain, in  0.491 seconds
Domain Reload Profiling: 970ms
	BeginReloadAssembly (119ms)
		ExecutionOrderSort (0ms)
		DisableScriptedObjects (4ms)
		BackupInstance (0ms)
		ReleaseScriptingObjects (0ms)
		CreateAndSetChildDomain (18ms)
	RebuildCommonClasses (25ms)
	RebuildNativeTypeToScriptingClass (7ms)
	initialDomainReloadingComplete (34ms)
	LoadAllAssembliesAndSetupDomain (294ms)
		LoadAssemblies (236ms)
		RebuildTransferFunctionScriptingTraits (0ms)
		AnalyzeDomain (127ms)
			TypeCache.Refresh (111ms)
				TypeCache.ScanAssembly (100ms)
			ScanForSourceGeneratedMonoScriptInfo (12ms)
			ResolveRequiredComponents (3ms)
	FinalizeReload (491ms)
		ReleaseScriptCaches (0ms)
		RebuildScriptCaches (0ms)
		SetupLoadedEditorAssemblies (378ms)
			LogAssemblyErrors (0ms)
			InitializePlatformSupportModulesInManaged (5ms)
			SetLoadedEditorAssemblies (3ms)
			RefreshPlugins (0ms)
			BeforeProcessingInitializeOnLoad (55ms)
			ProcessInitializeOnLoadAttributes (291ms)
			ProcessInitializeOnLoadMethodAttributes (15ms)
			AfterProcessingInitializeOnLoad (8ms)
			EditorAssembliesLoaded (0ms)
		ExecutionOrderSort2 (0ms)
		AwakeInstancesAfterBackupRestoration (5ms)
Launched and connected shader compiler UnityShaderCompiler.exe after 0.04 seconds
Refreshing native plugins compatible for Editor in 2.28 ms, found 3 plugins.
Preloading 0 native plugins for Editor in 0.00 ms.
Unloading 3543 Unused Serialized files (Serialized files now loaded: 0)
Unloading 39 unused Assets / (57.4 KB). Loaded Objects now: 4022.
Memory consumption went from 147.5 MB to 147.5 MB.
Total: 2.883000 ms (FindLiveObjects: 0.219500 ms CreateObjectMapping: 0.127900 ms MarkObjects: 2.387700 ms  DeleteObjects: 0.147300 ms)

AssetImportParameters requested are different than current active one (requested -> active):
  custom:container-demuxer-ogg: 62fdf1f143b41e24485cea50d1cbac27 -> 
  custom:video-decoder-ogg-theora: a1e56fd34408186e4bbccfd4996cb3dc -> 
  custom:framework-win-MediaFoundation: 216162199b28c13a410421893ffa2e32 -> 
  custom:CustomObjectIndexerAttribute: 43b350a4d6e6d1791af0b5038c4bea17 -> 
  custom:container-demuxer-webm: 4f35f7cbe854078d1ac9338744f61a02 -> 
  custom:container-muxer-webm: aa71ff27fc2769a1b78a27578f13a17b -> 
  custom:video-decoder-webm-vp8: 9c59270c3fd7afecdb556c50c9e8de78 -> 
  custom:SearchIndexIgnoredProperties: e643bd26f0fe6173181afceb89e7c659 -> 
  custom:AudioImporter_EditorPlatform: d09bf68614088b80899f8185d706f6e7 -> 
  custom:video-encoder-webm-vp8: eb34c28f22e8b96e1ab97ce403110664 -> 
  custom:audio-decoder-ogg-vorbis: bf7c407c2cedff20999df2af8eb42d56 -> 
  custom:audio-encoder-webm-vorbis: bf7c407c2cedff20999df2af8eb42d56 -> 
========================================================================
Received Import Request.
  Time since last request: 23207.491952 seconds.
  path: Assets/Materials/ConcretePoured001/BouncyWall.physicMaterial
  artifactKey: Guid(4ac0e0cec49c20d4ba7d92c76f512244) Importer(815301076,1909f56bfc062723c751e8b465ee728b)
Start importing Assets/Materials/ConcretePoured001/BouncyWall.physicMaterial using Guid(4ac0e0cec49c20d4ba7d92c76f512244) Importer(815301076,1909f56bfc062723c751e8b465ee728b)  -> (artifact id: 'b667c956d54a9947a2eac32d5560b08d') in 0.007201 seconds
Number of updated asset objects reloaded before import = 0
Number of asset objects unloaded after import = 1
========================================================================
Received Prepare
Begin MonoManager ReloadAssembly
- Loaded All Assemblies, in  0.337 seconds
Refreshing native plugins compatible for Editor in 2.34 ms, found 3 plugins.
Native extension for WindowsStandalone target not found
[Package Manager] Server::EnsureServerProcessIsRunning -- launch failed, reason: Unity was launched with the -noUpm command-line argument
[Package Manager] UpmClient::Send -- Unable to send message (not connected to UPM process).
[Package Manager] Cannot connect to Unity Package Manager local server
Mono: successfully reloaded assembly
- Finished resetting the current domain, in  0.742 seconds
Domain Reload Profiling: 1075ms
	BeginReloadAssembly (121ms)
		ExecutionOrderSort (0ms)
		DisableScriptedObjects (4ms)
		BackupInstance (0ms)
		ReleaseScriptingObjects (0ms)
		CreateAndSetChildDomain (27ms)
	RebuildCommonClasses (22ms)
	RebuildNativeTypeToScriptingClass (8ms)
	initialDomainReloadingComplete (25ms)
	LoadAllAssembliesAndSetupDomain (156ms)
		LoadAssemblies (212ms)
		RebuildTransferFunctionScriptingTraits (0ms)
		AnalyzeDomain (8ms)
			TypeCache.Refresh (4ms)
				TypeCache.ScanAssembly (0ms)
			ScanForSourceGeneratedMonoScriptInfo (0ms)
			ResolveRequiredComponents (4ms)
	FinalizeReload (742ms)
		ReleaseScriptCaches (0ms)
		RebuildScriptCaches (0ms)
		SetupLoadedEditorAssemblies (349ms)
			LogAssemblyErrors (0ms)
			InitializePlatformSupportModulesInManaged (6ms)
			SetLoadedEditorAssemblies (3ms)
			RefreshPlugins (0ms)
			BeforeProcessingInitializeOnLoad (55ms)
			ProcessInitializeOnLoadAttributes (261ms)
			ProcessInitializeOnLoadMethodAttributes (15ms)
			AfterProcessingInitializeOnLoad (9ms)
			EditorAssembliesLoaded (0ms)
		ExecutionOrderSort2 (0ms)
		AwakeInstancesAfterBackupRestoration (5ms)
Refreshing native plugins compatible for Editor in 2.43 ms, found 3 plugins.
Preloading 0 native plugins for Editor in 0.00 ms.
Unloading 3522 Unused Serialized files (Serialized files now loaded: 0)
Unloading 24 unused Assets / (31.6 KB). Loaded Objects now: 4026.
Memory consumption went from 144.7 MB to 144.7 MB.
Total: 2.519300 ms (FindLiveObjects: 0.202800 ms CreateObjectMapping: 0.076500 ms MarkObjects: 2.201800 ms  DeleteObjects: 0.037800 ms)

Prepare: number of updated asset objects reloaded= 0
AssetImportParameters requested are different than current active one (requested -> active):
  custom:container-demuxer-ogg: 62fdf1f143b41e24485cea50d1cbac27 -> 
  custom:video-decoder-ogg-theora: a1e56fd34408186e4bbccfd4996cb3dc -> 
  custom:framework-win-MediaFoundation: 216162199b28c13a410421893ffa2e32 -> 
  custom:CustomObjectIndexerAttribute: 43b350a4d6e6d1791af0b5038c4bea17 -> 
  custom:container-demuxer-webm: 4f35f7cbe854078d1ac9338744f61a02 -> 
  custom:container-muxer-webm: aa71ff27fc2769a1b78a27578f13a17b -> 
  custom:video-decoder-webm-vp8: 9c59270c3fd7afecdb556c50c9e8de78 -> 
  custom:SearchIndexIgnoredProperties: e643bd26f0fe6173181afceb89e7c659 -> 
  custom:AudioImporter_EditorPlatform: d09bf68614088b80899f8185d706f6e7 -> 
  custom:video-encoder-webm-vp8: eb34c28f22e8b96e1ab97ce403110664 -> 
  custom:audio-decoder-ogg-vorbis: bf7c407c2cedff20999df2af8eb42d56 -> 
  custom:audio-encoder-webm-vorbis: bf7c407c2cedff20999df2af8eb42d56 -> 
========================================================================
Received Prepare
Begin MonoManager ReloadAssembly
- Loaded All Assemblies, in  0.348 seconds
Refreshing native plugins compatible for Editor in 3.79 ms, found 3 plugins.
Native extension for WindowsStandalone target not found
[Package Manager] Server::EnsureServerProcessIsRunning -- launch failed, reason: Unity was launched with the -noUpm command-line argument
[Package Manager] UpmClient::Send -- Unable to send message (not connected to UPM process).
[Package Manager] Cannot connect to Unity Package Manager local server
Mono: successfully reloaded assembly
- Finished resetting the current domain, in  0.791 seconds
Domain Reload Profiling: 1138ms
	BeginReloadAssembly (135ms)
		ExecutionOrderSort (0ms)
		DisableScriptedObjects (4ms)
		BackupInstance (0ms)
		ReleaseScriptingObjects (0ms)
		CreateAndSetChildDomain (30ms)
	RebuildCommonClasses (24ms)
	RebuildNativeTypeToScriptingClass (8ms)
	initialDomainReloadingComplete (24ms)
	LoadAllAssembliesAndSetupDomain (156ms)
		LoadAssemblies (218ms)
		RebuildTransferFunctionScriptingTraits (0ms)
		AnalyzeDomain (9ms)
			TypeCache.Refresh (4ms)
				TypeCache.ScanAssembly (0ms)
			ScanForSourceGeneratedMonoScriptInfo (0ms)
			ResolveRequiredComponents (4ms)
	FinalizeReload (792ms)
		ReleaseScriptCaches (0ms)
		RebuildScriptCaches (0ms)
		SetupLoadedEditorAssemblies (367ms)
			LogAssemblyErrors (0ms)
			InitializePlatformSupportModulesInManaged (7ms)
			SetLoadedEditorAssemblies (4ms)
			RefreshPlugins (0ms)
			BeforeProcessingInitializeOnLoad (59ms)
			ProcessInitializeOnLoadAttributes (272ms)
			ProcessInitializeOnLoadMethodAttributes (16ms)
			AfterProcessingInitializeOnLoad (9ms)
			EditorAssembliesLoaded (0ms)
		ExecutionOrderSort2 (0ms)
		AwakeInstancesAfterBackupRestoration (5ms)
Refreshing native plugins compatible for Editor in 2.65 ms, found 3 plugins.
Preloading 0 native plugins for Editor in 0.00 ms.
Unloading 3523 Unused Serialized files (Serialized files now loaded: 0)
Unloading 24 unused Assets / (31.5 KB). Loaded Objects now: 4029.
Memory consumption went from 146.9 MB to 146.9 MB.
Total: 2.677200 ms (FindLiveObjects: 0.247400 ms CreateObjectMapping: 0.143300 ms MarkObjects: 2.246300 ms  DeleteObjects: 0.039500 ms)

Prepare: number of updated asset objects reloaded= 0
AssetImportParameters requested are different than current active one (requested -> active):
  custom:container-demuxer-ogg: 62fdf1f143b41e24485cea50d1cbac27 -> 
  custom:video-decoder-ogg-theora: a1e56fd34408186e4bbccfd4996cb3dc -> 
  custom:framework-win-MediaFoundation: 216162199b28c13a410421893ffa2e32 -> 
  custom:CustomObjectIndexerAttribute: 43b350a4d6e6d1791af0b5038c4bea17 -> 
  custom:container-demuxer-webm: 4f35f7cbe854078d1ac9338744f61a02 -> 
  custom:container-muxer-webm: aa71ff27fc2769a1b78a27578f13a17b -> 
  custom:video-decoder-webm-vp8: 9c59270c3fd7afecdb556c50c9e8de78 -> 
  custom:SearchIndexIgnoredProperties: e643bd26f0fe6173181afceb89e7c659 -> 
  custom:AudioImporter_EditorPlatform: d09bf68614088b80899f8185d706f6e7 -> 
  custom:video-encoder-webm-vp8: eb34c28f22e8b96e1ab97ce403110664 -> 
  custom:audio-decoder-ogg-vorbis: bf7c407c2cedff20999df2af8eb42d56 -> 
  custom:audio-encoder-webm-vorbis: bf7c407c2cedff20999df2af8eb42d56 -> 
========================================================================
Received Import Request.
  Time since last request: 1249.283455 seconds.
  path: Assets/Imports/RealisticEngineSound/Assets/Prefabs/Engine_Prefabs/Mobile/Mobile_Interior/i4_german_interior.prefab
  artifactKey: Guid(bf4844a72e2fb72409fc953a7062e909) Importer(815301076,1909f56bfc062723c751e8b465ee728b)
Start importing Assets/Imports/RealisticEngineSound/Assets/Prefabs/Engine_Prefabs/Mobile/Mobile_Interior/i4_german_interior.prefab using Guid(bf4844a72e2fb72409fc953a7062e909) Importer(815301076,1909f56bfc062723c751e8b465ee728b)  -> (artifact id: 'ad9067487675d139cb094dc1b4b3ad00') in 0.098823 seconds
Number of updated asset objects reloaded before import = 0
Number of asset objects unloaded after import = 11
========================================================================
Received Import Request.
  Time since last request: 0.000010 seconds.
  path: Assets/Imports/RealisticEngineSound/Assets/Prefabs/Engine_Prefabs/Mobile/Mobile_Interior/i4_serbian_interior.prefab
  artifactKey: Guid(fa5f1f23ce342de499622cc5cd7c518b) Importer(815301076,1909f56bfc062723c751e8b465ee728b)
Start importing Assets/Imports/RealisticEngineSound/Assets/Prefabs/Engine_Prefabs/Mobile/Mobile_Interior/i4_serbian_interior.prefab using Guid(fa5f1f23ce342de499622cc5cd7c518b) Importer(815301076,1909f56bfc062723c751e8b465ee728b)  -> (artifact id: '69e116a7d76151bbb5f7958d16b9da32') in 0.056614 seconds
Number of updated asset objects reloaded before import = 0
Number of asset objects unloaded after import = 11
========================================================================
Received Import Request.
  Time since last request: 0.000011 seconds.
  path: Assets/Imports/RealisticEngineSound/Assets/Prefabs/Engine_Prefabs/Mobile/Mobile_Interior/V8_american_modern_interior.prefab
  artifactKey: Guid(b9c5addf71c2a5942b9297d8fff3fa72) Importer(815301076,1909f56bfc062723c751e8b465ee728b)
Start importing Assets/Imports/RealisticEngineSound/Assets/Prefabs/Engine_Prefabs/Mobile/Mobile_Interior/V8_american_modern_interior.prefab using Guid(b9c5addf71c2a5942b9297d8fff3fa72) Importer(815301076,1909f56bfc062723c751e8b465ee728b)  -> (artifact id: 'd9d0c5dc75fef3867e0fc3542be379b7') in 0.059976 seconds
Number of updated asset objects reloaded before import = 0
Number of asset objects unloaded after import = 11
========================================================================
Received Import Request.
  Time since last request: 0.000014 seconds.
  path: Assets/Imports/RealisticEngineSound/Assets/Prefabs/Engine_Prefabs/Mobile/Mobile_Interior/i4_japanese_interior.prefab
  artifactKey: Guid(afb4a86ad4330574b9d57dcafa764ac5) Importer(815301076,1909f56bfc062723c751e8b465ee728b)
Start importing Assets/Imports/RealisticEngineSound/Assets/Prefabs/Engine_Prefabs/Mobile/Mobile_Interior/i4_japanese_interior.prefab using Guid(afb4a86ad4330574b9d57dcafa764ac5) Importer(815301076,1909f56bfc062723c751e8b465ee728b)  -> (artifact id: '4b158a860b36ebaa87adb691bb4c5483') in 0.058292 seconds
Number of updated asset objects reloaded before import = 0
Number of asset objects unloaded after import = 11
========================================================================
Received Import Request.
  Time since last request: 0.000027 seconds.
  path: Assets/Imports/RealisticEngineSound/Assets/Prefabs/Engine_Prefabs/Mobile/Mobile_Interior/V8_american_classic_interior.prefab
  artifactKey: Guid(71b5585f75cac4f47ba0fda24df3f74a) Importer(815301076,1909f56bfc062723c751e8b465ee728b)
Start importing Assets/Imports/RealisticEngineSound/Assets/Prefabs/Engine_Prefabs/Mobile/Mobile_Interior/V8_american_classic_interior.prefab using Guid(71b5585f75cac4f47ba0fda24df3f74a) Importer(815301076,1909f56bfc062723c751e8b465ee728b)  -> (artifact id: 'd20be7f904161bd8d7af39bb9e62c22c') in 0.063932 seconds
Number of updated asset objects reloaded before import = 0
Number of asset objects unloaded after import = 11
========================================================================
Received Import Request.
  Time since last request: 0.000010 seconds.
  path: Assets/Imports/RealisticEngineSound/Assets/Prefabs/Engine_Prefabs/Mobile/Mobile_Interior/v10_german_interior.prefab
  artifactKey: Guid(1451f6db37532164aa98ff675b4135df) Importer(815301076,1909f56bfc062723c751e8b465ee728b)
Start importing Assets/Imports/RealisticEngineSound/Assets/Prefabs/Engine_Prefabs/Mobile/Mobile_Interior/v10_german_interior.prefab using Guid(1451f6db37532164aa98ff675b4135df) Importer(815301076,1909f56bfc062723c751e8b465ee728b)  -> (artifact id: '53c9ffc3a99511551e1ba9fdb2f7f789') in 0.057899 seconds
Number of updated asset objects reloaded before import = 0
Number of asset objects unloaded after import = 11
========================================================================
Received Import Request.
  Time since last request: 0.000011 seconds.
  path: Assets/Imports/RealisticEngineSound/Assets/Prefabs/Engine_Prefabs/Mobile/Mobile_Interior/v10_italian_interior.prefab
  artifactKey: Guid(19c34be3ed9996746a400554f51deac7) Importer(815301076,1909f56bfc062723c751e8b465ee728b)
Start importing Assets/Imports/RealisticEngineSound/Assets/Prefabs/Engine_Prefabs/Mobile/Mobile_Interior/v10_italian_interior.prefab using Guid(19c34be3ed9996746a400554f51deac7) Importer(815301076,1909f56bfc062723c751e8b465ee728b)  -> (artifact id: 'a64749226672078d1dda5d5f101767b9') in 0.061484 seconds
Number of updated asset objects reloaded before import = 0
Number of asset objects unloaded after import = 11
========================================================================
Received Import Request.
  Time since last request: 0.000010 seconds.
  path: Assets/Imports/RealisticEngineSound/Assets/Prefabs/Engine_Prefabs/Mobile/Mobile_Interior/v8_italian_interior.prefab
  artifactKey: Guid(1cbee069a385c144fa0cf18070129073) Importer(815301076,1909f56bfc062723c751e8b465ee728b)
Start importing Assets/Imports/RealisticEngineSound/Assets/Prefabs/Engine_Prefabs/Mobile/Mobile_Interior/v8_italian_interior.prefab using Guid(1cbee069a385c144fa0cf18070129073) Importer(815301076,1909f56bfc062723c751e8b465ee728b)  -> (artifact id: 'd8eb9180e2ae362ebe86179ba26d097b') in 0.057619 seconds
Number of updated asset objects reloaded before import = 0
Number of asset objects unloaded after import = 11
========================================================================
Received Import Request.
  Time since last request: 0.000013 seconds.
  path: Assets/Imports/RealisticEngineSound/Assets/Prefabs/Engine_Prefabs/Mobile/Mobile_Interior/Truck_Old_int.prefab
  artifactKey: Guid(57ad5712d0587e143813cb47fe826abb) Importer(815301076,1909f56bfc062723c751e8b465ee728b)
Start importing Assets/Imports/RealisticEngineSound/Assets/Prefabs/Engine_Prefabs/Mobile/Mobile_Interior/Truck_Old_int.prefab using Guid(57ad5712d0587e143813cb47fe826abb) Importer(815301076,1909f56bfc062723c751e8b465ee728b)  -> (artifact id: 'd70f830dca121a2f8bf3c6122356b6e1') in 0.082810 seconds
Number of updated asset objects reloaded before import = 0
Number of asset objects unloaded after import = 11
========================================================================
Received Import Request.
  Time since last request: 0.000019 seconds.
  path: Assets/Imports/RealisticEngineSound/Assets/Prefabs/Engine_Prefabs/Mobile/Mobile_Interior/i6_german_free_interior.prefab
  artifactKey: Guid(7527c8637c44f284b91e421f6b5ae3e1) Importer(815301076,1909f56bfc062723c751e8b465ee728b)
Start importing Assets/Imports/RealisticEngineSound/Assets/Prefabs/Engine_Prefabs/Mobile/Mobile_Interior/i6_german_free_interior.prefab using Guid(7527c8637c44f284b91e421f6b5ae3e1) Importer(815301076,1909f56bfc062723c751e8b465ee728b)  -> (artifact id: '81841496c1012ab5cc443d4e2041e3e3') in 0.084634 seconds
Number of updated asset objects reloaded before import = 0
Number of asset objects unloaded after import = 11
========================================================================
Received Import Request.
  Time since last request: 0.000010 seconds.
  path: Assets/Imports/RealisticEngineSound/Assets/Prefabs/Engine_Prefabs/Mobile/Mobile_Interior/v8_italian_f355_interior.prefab
  artifactKey: Guid(1d74fcddb0a33d74295efecc119e0a62) Importer(815301076,1909f56bfc062723c751e8b465ee728b)
Start importing Assets/Imports/RealisticEngineSound/Assets/Prefabs/Engine_Prefabs/Mobile/Mobile_Interior/v8_italian_f355_interior.prefab using Guid(1d74fcddb0a33d74295efecc119e0a62) Importer(815301076,1909f56bfc062723c751e8b465ee728b)  -> (artifact id: 'f11516ff95ec003db78f98eafb8299c1') in 0.067879 seconds
Number of updated asset objects reloaded before import = 0
Number of asset objects unloaded after import = 11
========================================================================
Received Import Request.
  Time since last request: 0.000010 seconds.
  path: Assets/Imports/RealisticEngineSound/Assets/Prefabs/Engine_Prefabs/Mobile/Mobile_Interior/i6_german_interior.prefab
  artifactKey: Guid(6f1278fc38ec5e84281b4255ca130825) Importer(815301076,1909f56bfc062723c751e8b465ee728b)
Start importing Assets/Imports/RealisticEngineSound/Assets/Prefabs/Engine_Prefabs/Mobile/Mobile_Interior/i6_german_interior.prefab using Guid(6f1278fc38ec5e84281b4255ca130825) Importer(815301076,1909f56bfc062723c751e8b465ee728b)  -> (artifact id: 'fce0bf43f6496d63c2775ff4199c26b7') in 0.055305 seconds
Number of updated asset objects reloaded before import = 0
Number of asset objects unloaded after import = 11
========================================================================
Received Import Request.
  Time since last request: 7.121198 seconds.
  path: Assets/Imports/RealisticEngineSound/Assets/Prefabs/Engine_Prefabs/Mobile/Mobile_Interior/V8_american_modern_interior.prefab
  artifactKey: Guid(b9c5addf71c2a5942b9297d8fff3fa72) Importer(815301076,1909f56bfc062723c751e8b465ee728b)
Start importing Assets/Imports/RealisticEngineSound/Assets/Prefabs/Engine_Prefabs/Mobile/Mobile_Interior/V8_american_modern_interior.prefab using Guid(b9c5addf71c2a5942b9297d8fff3fa72) Importer(815301076,1909f56bfc062723c751e8b465ee728b)  -> (artifact id: 'd159aca8d7129738e394cfa472ffbf88') in 0.015846 seconds
Number of updated asset objects reloaded before import = 0
Number of asset objects unloaded after import = 11
========================================================================
Received Import Request.
  Time since last request: 1.671035 seconds.
  path: Assets/Imports/RealisticEngineSound/Assets/Prefabs/Engine_Prefabs/Mobile/Mobile_Interior/V8_american_classic_interior.prefab
  artifactKey: Guid(71b5585f75cac4f47ba0fda24df3f74a) Importer(815301076,1909f56bfc062723c751e8b465ee728b)
Start importing Assets/Imports/RealisticEngineSound/Assets/Prefabs/Engine_Prefabs/Mobile/Mobile_Interior/V8_american_classic_interior.prefab using Guid(71b5585f75cac4f47ba0fda24df3f74a) Importer(815301076,1909f56bfc062723c751e8b465ee728b)  -> (artifact id: 'e8d39274c9be62a87061ec004a260d5b') in 0.011712 seconds
Number of updated asset objects reloaded before import = 0
Number of asset objects unloaded after import = 11
========================================================================
Received Import Request.
  Time since last request: 6.330794 seconds.
  path: Assets/Imports/RealisticEngineSound/Assets/Prefabs/Engine_Prefabs/Mobile/i4_german.prefab
  artifactKey: Guid(2af7311869204384f8256c5027661a59) Importer(815301076,1909f56bfc062723c751e8b465ee728b)
Start importing Assets/Imports/RealisticEngineSound/Assets/Prefabs/Engine_Prefabs/Mobile/i4_german.prefab using Guid(2af7311869204384f8256c5027661a59) Importer(815301076,1909f56bfc062723c751e8b465ee728b)  -> (artifact id: '13975c942d6c8714185530d30c747396') in 0.059831 seconds
Number of updated asset objects reloaded before import = 0
Number of asset objects unloaded after import = 11
========================================================================
Received Import Request.
  Time since last request: 0.000010 seconds.
  path: Assets/Imports/RealisticEngineSound/Assets/Prefabs/Engine_Prefabs/Mobile/v8_italian_f355.prefab
  artifactKey: Guid(7b6e1284c089c6a4389a5041bc5086dc) Importer(815301076,1909f56bfc062723c751e8b465ee728b)
Start importing Assets/Imports/RealisticEngineSound/Assets/Prefabs/Engine_Prefabs/Mobile/v8_italian_f355.prefab using Guid(7b6e1284c089c6a4389a5041bc5086dc) Importer(815301076,1909f56bfc062723c751e8b465ee728b)  -> (artifact id: '2c76200d780cb0d59047a24e48fba43e') in 0.086340 seconds
Number of updated asset objects reloaded before import = 0
Number of asset objects unloaded after import = 11
========================================================================
Received Import Request.
  Time since last request: 0.000014 seconds.
  path: Assets/Imports/RealisticEngineSound/Assets/Prefabs/Engine_Prefabs/Mobile/V8_american_classic.prefab
  artifactKey: Guid(9a161018d3d745747ace516f3ca49a53) Importer(815301076,1909f56bfc062723c751e8b465ee728b)
Start importing Assets/Imports/RealisticEngineSound/Assets/Prefabs/Engine_Prefabs/Mobile/V8_american_classic.prefab using Guid(9a161018d3d745747ace516f3ca49a53) Importer(815301076,1909f56bfc062723c751e8b465ee728b)  -> (artifact id: '9e224fc2c692120fdcff034ae088d5f9') in 0.061901 seconds
Number of updated asset objects reloaded before import = 0
Number of asset objects unloaded after import = 11
========================================================================
Received Import Request.
  Time since last request: 0.000021 seconds.
  path: Assets/Imports/RealisticEngineSound/Assets/Prefabs/Engine_Prefabs/Mobile/V8_american_modern.prefab
  artifactKey: Guid(fde4c1e4949d3ac4ebe67c9a2ba37d8b) Importer(815301076,1909f56bfc062723c751e8b465ee728b)
Start importing Assets/Imports/RealisticEngineSound/Assets/Prefabs/Engine_Prefabs/Mobile/V8_american_modern.prefab using Guid(fde4c1e4949d3ac4ebe67c9a2ba37d8b) Importer(815301076,1909f56bfc062723c751e8b465ee728b)  -> (artifact id: '6b57b632ba0e5c201efda987591c5ec1') in 0.067417 seconds
Number of updated asset objects reloaded before import = 0
Number of asset objects unloaded after import = 11
========================================================================
Received Import Request.
  Time since last request: 0.000012 seconds.
  path: Assets/Imports/RealisticEngineSound/Assets/Prefabs/Engine_Prefabs/Mobile/i4_serbian.prefab
  artifactKey: Guid(9b32ebba708361541883bf71f3a98d02) Importer(815301076,1909f56bfc062723c751e8b465ee728b)
Start importing Assets/Imports/RealisticEngineSound/Assets/Prefabs/Engine_Prefabs/Mobile/i4_serbian.prefab using Guid(9b32ebba708361541883bf71f3a98d02) Importer(815301076,1909f56bfc062723c751e8b465ee728b)  -> (artifact id: '0df5f19147c0f1e8390ced7312d8c09a') in 0.056782 seconds
Number of updated asset objects reloaded before import = 0
Number of asset objects unloaded after import = 11
========================================================================
Received Import Request.
  Time since last request: 0.000011 seconds.
  path: Assets/Imports/RealisticEngineSound/Assets/Prefabs/Engine_Prefabs/Mobile/v8_italian.prefab
  artifactKey: Guid(59ba5affbff84604b81424c3bbae4794) Importer(815301076,1909f56bfc062723c751e8b465ee728b)
Start importing Assets/Imports/RealisticEngineSound/Assets/Prefabs/Engine_Prefabs/Mobile/v8_italian.prefab using Guid(59ba5affbff84604b81424c3bbae4794) Importer(815301076,1909f56bfc062723c751e8b465ee728b)  -> (artifact id: '4ebd6a0eb573cdaa70f8f515b6190770') in 0.063529 seconds
Number of updated asset objects reloaded before import = 0
Number of asset objects unloaded after import = 11
========================================================================
Received Import Request.
  Time since last request: 0.000011 seconds.
  path: Assets/Imports/RealisticEngineSound/Assets/Prefabs/Engine_Prefabs/Mobile/v10_italian.prefab
  artifactKey: Guid(a44cb895daa2aa4488514802b331c970) Importer(815301076,1909f56bfc062723c751e8b465ee728b)
Start importing Assets/Imports/RealisticEngineSound/Assets/Prefabs/Engine_Prefabs/Mobile/v10_italian.prefab using Guid(a44cb895daa2aa4488514802b331c970) Importer(815301076,1909f56bfc062723c751e8b465ee728b)  -> (artifact id: '6e8c966f954dfe17b3081b820604d4c0') in 0.053377 seconds
Number of updated asset objects reloaded before import = 0
Number of asset objects unloaded after import = 11
========================================================================
Received Import Request.
  Time since last request: 0.000013 seconds.
  path: Assets/Imports/RealisticEngineSound/Assets/Prefabs/Engine_Prefabs/Mobile/i6_german_free.prefab
  artifactKey: Guid(02de2175848bf744fbd59557b31e4cc2) Importer(815301076,1909f56bfc062723c751e8b465ee728b)
Start importing Assets/Imports/RealisticEngineSound/Assets/Prefabs/Engine_Prefabs/Mobile/i6_german_free.prefab using Guid(02de2175848bf744fbd59557b31e4cc2) Importer(815301076,1909f56bfc062723c751e8b465ee728b)  -> (artifact id: '208f59d248f57864af6eaa02e749a4fd') in 0.073637 seconds
Number of updated asset objects reloaded before import = 0
Number of asset objects unloaded after import = 11
========================================================================
Received Import Request.
  Time since last request: 0.000019 seconds.
  path: Assets/Imports/RealisticEngineSound/Assets/Prefabs/Engine_Prefabs/Mobile/Truck_Old.prefab
  artifactKey: Guid(6357e8568bb69484aa82df238fc9078c) Importer(815301076,1909f56bfc062723c751e8b465ee728b)
Start importing Assets/Imports/RealisticEngineSound/Assets/Prefabs/Engine_Prefabs/Mobile/Truck_Old.prefab using Guid(6357e8568bb69484aa82df238fc9078c) Importer(815301076,1909f56bfc062723c751e8b465ee728b)  -> (artifact id: '5c5b81853067e3520d211588874dbfd2') in 0.089646 seconds
Number of updated asset objects reloaded before import = 0
Number of asset objects unloaded after import = 11
========================================================================
Received Import Request.
  Time since last request: 0.000012 seconds.
  path: Assets/Imports/RealisticEngineSound/Assets/Prefabs/Engine_Prefabs/Mobile/i6_german.prefab
  artifactKey: Guid(5ed08eaf8845dcc4bb8504606a6fe080) Importer(815301076,1909f56bfc062723c751e8b465ee728b)
Start importing Assets/Imports/RealisticEngineSound/Assets/Prefabs/Engine_Prefabs/Mobile/i6_german.prefab using Guid(5ed08eaf8845dcc4bb8504606a6fe080) Importer(815301076,1909f56bfc062723c751e8b465ee728b)  -> (artifact id: '53cfc9aea8dc3ad7ded061f3ea71848e') in 0.059280 seconds
Number of updated asset objects reloaded before import = 0
Number of asset objects unloaded after import = 11
========================================================================
Received Import Request.
  Time since last request: 0.000011 seconds.
  path: Assets/Imports/RealisticEngineSound/Assets/Prefabs/Engine_Prefabs/Mobile/i4_japanese.prefab
  artifactKey: Guid(8f061d60486de3b499b5163773dc11ce) Importer(815301076,1909f56bfc062723c751e8b465ee728b)
Start importing Assets/Imports/RealisticEngineSound/Assets/Prefabs/Engine_Prefabs/Mobile/i4_japanese.prefab using Guid(8f061d60486de3b499b5163773dc11ce) Importer(815301076,1909f56bfc062723c751e8b465ee728b)  -> (artifact id: '2f15f532a64f00dd67f4e0cfee18a9e2') in 0.071681 seconds
Number of updated asset objects reloaded before import = 0
Number of asset objects unloaded after import = 11
========================================================================
Received Import Request.
  Time since last request: 0.000013 seconds.
  path: Assets/Imports/RealisticEngineSound/Assets/Prefabs/Engine_Prefabs/Mobile/v10_german.prefab
  artifactKey: Guid(3ae7ec5ba81f8a845a3a9da65c6481e4) Importer(815301076,1909f56bfc062723c751e8b465ee728b)
Start importing Assets/Imports/RealisticEngineSound/Assets/Prefabs/Engine_Prefabs/Mobile/v10_german.prefab using Guid(3ae7ec5ba81f8a845a3a9da65c6481e4) Importer(815301076,1909f56bfc062723c751e8b465ee728b)  -> (artifact id: 'e85ebdd6166e612e59c7217ad39d393d') in 0.060447 seconds
Number of updated asset objects reloaded before import = 0
Number of asset objects unloaded after import = 11
========================================================================
Received Import Request.
  Time since last request: 1.410988 seconds.
  path: Assets/Imports/RealisticEngineSound/Assets/Prefabs/Engine_Prefabs/Mobile/V8_american_classic.prefab
  artifactKey: Guid(9a161018d3d745747ace516f3ca49a53) Importer(815301076,1909f56bfc062723c751e8b465ee728b)
Start importing Assets/Imports/RealisticEngineSound/Assets/Prefabs/Engine_Prefabs/Mobile/V8_american_classic.prefab using Guid(9a161018d3d745747ace516f3ca49a53) Importer(815301076,1909f56bfc062723c751e8b465ee728b)  -> (artifact id: '5b6213e432a56df5880da3c7c221fad0') in 0.016212 seconds
Number of updated asset objects reloaded before import = 0
Number of asset objects unloaded after import = 11
========================================================================
Received Prepare
Begin MonoManager ReloadAssembly
- Loaded All Assemblies, in  0.419 seconds
Refreshing native plugins compatible for Editor in 3.14 ms, found 3 plugins.
Native extension for WindowsStandalone target not found
[Package Manager] Server::EnsureServerProcessIsRunning -- launch failed, reason: Unity was launched with the -noUpm command-line argument
[Package Manager] UpmClient::Send -- Unable to send message (not connected to UPM process).
[Package Manager] Cannot connect to Unity Package Manager local server
Mono: successfully reloaded assembly
- Finished resetting the current domain, in  1.057 seconds
Domain Reload Profiling: 1474ms
	BeginReloadAssembly (145ms)
		ExecutionOrderSort (0ms)
		DisableScriptedObjects (4ms)
		BackupInstance (0ms)
		ReleaseScriptingObjects (0ms)
		CreateAndSetChildDomain (33ms)
	RebuildCommonClasses (29ms)
	RebuildNativeTypeToScriptingClass (8ms)
	initialDomainReloadingComplete (28ms)
	LoadAllAssembliesAndSetupDomain (206ms)
		LoadAssemblies (264ms)
		RebuildTransferFunctionScriptingTraits (0ms)
		AnalyzeDomain (20ms)
			TypeCache.Refresh (7ms)
				TypeCache.ScanAssembly (1ms)
			ScanForSourceGeneratedMonoScriptInfo (9ms)
			ResolveRequiredComponents (3ms)
	FinalizeReload (1058ms)
		ReleaseScriptCaches (0ms)
		RebuildScriptCaches (0ms)
		SetupLoadedEditorAssemblies (368ms)
			LogAssemblyErrors (0ms)
			InitializePlatformSupportModulesInManaged (6ms)
			SetLoadedEditorAssemblies (3ms)
			RefreshPlugins (0ms)
			BeforeProcessingInitializeOnLoad (57ms)
			ProcessInitializeOnLoadAttributes (277ms)
			ProcessInitializeOnLoadMethodAttributes (15ms)
			AfterProcessingInitializeOnLoad (9ms)
			EditorAssembliesLoaded (0ms)
		ExecutionOrderSort2 (0ms)
		AwakeInstancesAfterBackupRestoration (5ms)
Refreshing native plugins compatible for Editor in 2.71 ms, found 3 plugins.
Preloading 0 native plugins for Editor in 0.00 ms.
Unloading 3522 Unused Serialized files (Serialized files now loaded: 0)
Unloading 24 unused Assets / (31.6 KB). Loaded Objects now: 4032.
Memory consumption went from 147.8 MB to 147.7 MB.
Total: 2.579600 ms (FindLiveObjects: 0.201200 ms CreateObjectMapping: 0.072400 ms MarkObjects: 2.264100 ms  DeleteObjects: 0.041100 ms)

Prepare: number of updated asset objects reloaded= 0
AssetImportParameters requested are different than current active one (requested -> active):
  custom:container-demuxer-ogg: 62fdf1f143b41e24485cea50d1cbac27 -> 
  custom:video-decoder-ogg-theora: a1e56fd34408186e4bbccfd4996cb3dc -> 
  custom:framework-win-MediaFoundation: 216162199b28c13a410421893ffa2e32 -> 
  custom:CustomObjectIndexerAttribute: 43b350a4d6e6d1791af0b5038c4bea17 -> 
  custom:container-demuxer-webm: 4f35f7cbe854078d1ac9338744f61a02 -> 
  custom:container-muxer-webm: aa71ff27fc2769a1b78a27578f13a17b -> 
  custom:video-decoder-webm-vp8: 9c59270c3fd7afecdb556c50c9e8de78 -> 
  custom:SearchIndexIgnoredProperties: e643bd26f0fe6173181afceb89e7c659 -> 
  custom:AudioImporter_EditorPlatform: d09bf68614088b80899f8185d706f6e7 -> 
  custom:video-encoder-webm-vp8: eb34c28f22e8b96e1ab97ce403110664 -> 
  custom:audio-decoder-ogg-vorbis: bf7c407c2cedff20999df2af8eb42d56 -> 
  custom:audio-encoder-webm-vorbis: bf7c407c2cedff20999df2af8eb42d56 -> 
========================================================================
Received Prepare
Begin MonoManager ReloadAssembly
- Loaded All Assemblies, in  0.401 seconds
Refreshing native plugins compatible for Editor in 3.02 ms, found 3 plugins.
Native extension for WindowsStandalone target not found
[Package Manager] Server::EnsureServerProcessIsRunning -- launch failed, reason: Unity was launched with the -noUpm command-line argument
[Package Manager] UpmClient::Send -- Unable to send message (not connected to UPM process).
[Package Manager] Cannot connect to Unity Package Manager local server
Mono: successfully reloaded assembly
- Finished resetting the current domain, in  0.811 seconds
Domain Reload Profiling: 1209ms
	BeginReloadAssembly (140ms)
		ExecutionOrderSort (0ms)
		DisableScriptedObjects (4ms)
		BackupInstance (0ms)
		ReleaseScriptingObjects (0ms)
		CreateAndSetChildDomain (29ms)
	RebuildCommonClasses (27ms)
	RebuildNativeTypeToScriptingClass (9ms)
	initialDomainReloadingComplete (27ms)
	LoadAllAssembliesAndSetupDomain (197ms)
		LoadAssemblies (251ms)
		RebuildTransferFunctionScriptingTraits (0ms)
		AnalyzeDomain (22ms)
			TypeCache.Refresh (7ms)
				TypeCache.ScanAssembly (1ms)
			ScanForSourceGeneratedMonoScriptInfo (10ms)
			ResolveRequiredComponents (4ms)
	FinalizeReload (811ms)
		ReleaseScriptCaches (0ms)
		RebuildScriptCaches (0ms)
		SetupLoadedEditorAssemblies (376ms)
			LogAssemblyErrors (0ms)
			InitializePlatformSupportModulesInManaged (7ms)
			SetLoadedEditorAssemblies (4ms)
			RefreshPlugins (0ms)
			BeforeProcessingInitializeOnLoad (57ms)
			ProcessInitializeOnLoadAttributes (281ms)
			ProcessInitializeOnLoadMethodAttributes (17ms)
			AfterProcessingInitializeOnLoad (9ms)
			EditorAssembliesLoaded (0ms)
		ExecutionOrderSort2 (0ms)
		AwakeInstancesAfterBackupRestoration (6ms)
Refreshing native plugins compatible for Editor in 2.52 ms, found 3 plugins.
Preloading 0 native plugins for Editor in 0.00 ms.
Unloading 3523 Unused Serialized files (Serialized files now loaded: 0)
Unloading 24 unused Assets / (31.5 KB). Loaded Objects now: 4035.
Memory consumption went from 150.0 MB to 149.9 MB.
Total: 2.533900 ms (FindLiveObjects: 0.224300 ms CreateObjectMapping: 0.077200 ms MarkObjects: 2.088900 ms  DeleteObjects: 0.142800 ms)

Prepare: number of updated asset objects reloaded= 0
AssetImportParameters requested are different than current active one (requested -> active):
  custom:container-demuxer-ogg: 62fdf1f143b41e24485cea50d1cbac27 -> 
  custom:video-decoder-ogg-theora: a1e56fd34408186e4bbccfd4996cb3dc -> 
  custom:framework-win-MediaFoundation: 216162199b28c13a410421893ffa2e32 -> 
  custom:CustomObjectIndexerAttribute: 43b350a4d6e6d1791af0b5038c4bea17 -> 
  custom:container-demuxer-webm: 4f35f7cbe854078d1ac9338744f61a02 -> 
  custom:container-muxer-webm: aa71ff27fc2769a1b78a27578f13a17b -> 
  custom:video-decoder-webm-vp8: 9c59270c3fd7afecdb556c50c9e8de78 -> 
  custom:SearchIndexIgnoredProperties: e643bd26f0fe6173181afceb89e7c659 -> 
  custom:AudioImporter_EditorPlatform: d09bf68614088b80899f8185d706f6e7 -> 
  custom:video-encoder-webm-vp8: eb34c28f22e8b96e1ab97ce403110664 -> 
  custom:audio-decoder-ogg-vorbis: bf7c407c2cedff20999df2af8eb42d56 -> 
  custom:audio-encoder-webm-vorbis: bf7c407c2cedff20999df2af8eb42d56 -> 
========================================================================
Received Prepare
Begin MonoManager ReloadAssembly
- Loaded All Assemblies, in  0.393 seconds
Refreshing native plugins compatible for Editor in 2.76 ms, found 3 plugins.
Native extension for WindowsStandalone target not found
[Package Manager] Server::EnsureServerProcessIsRunning -- launch failed, reason: Unity was launched with the -noUpm command-line argument
[Package Manager] UpmClient::Send -- Unable to send message (not connected to UPM process).
[Package Manager] Cannot connect to Unity Package Manager local server
Mono: successfully reloaded assembly
- Finished resetting the current domain, in  0.865 seconds
Domain Reload Profiling: 1256ms
	BeginReloadAssembly (152ms)
		ExecutionOrderSort (0ms)
		DisableScriptedObjects (4ms)
		BackupInstance (0ms)
		ReleaseScriptingObjects (0ms)
		CreateAndSetChildDomain (32ms)
	RebuildCommonClasses (29ms)
	RebuildNativeTypeToScriptingClass (10ms)
	initialDomainReloadingComplete (28ms)
	LoadAllAssembliesAndSetupDomain (172ms)
		LoadAssemblies (248ms)
		RebuildTransferFunctionScriptingTraits (0ms)
		AnalyzeDomain (10ms)
			TypeCache.Refresh (4ms)
				TypeCache.ScanAssembly (0ms)
			ScanForSourceGeneratedMonoScriptInfo (0ms)
			ResolveRequiredComponents (4ms)
	FinalizeReload (866ms)
		ReleaseScriptCaches (0ms)
		RebuildScriptCaches (0ms)
		SetupLoadedEditorAssemblies (399ms)
			LogAssemblyErrors (0ms)
			InitializePlatformSupportModulesInManaged (8ms)
			SetLoadedEditorAssemblies (3ms)
			RefreshPlugins (0ms)
			BeforeProcessingInitializeOnLoad (60ms)
			ProcessInitializeOnLoadAttributes (299ms)
			ProcessInitializeOnLoadMethodAttributes (18ms)
			AfterProcessingInitializeOnLoad (11ms)
			EditorAssembliesLoaded (0ms)
		ExecutionOrderSort2 (0ms)
		AwakeInstancesAfterBackupRestoration (6ms)
Refreshing native plugins compatible for Editor in 3.01 ms, found 3 plugins.
Preloading 0 native plugins for Editor in 0.00 ms.
Unloading 3523 Unused Serialized files (Serialized files now loaded: 0)
Unloading 24 unused Assets / (31.6 KB). Loaded Objects now: 4038.
Memory consumption went from 151.9 MB to 151.9 MB.
Total: 2.645800 ms (FindLiveObjects: 0.284600 ms CreateObjectMapping: 0.088900 ms MarkObjects: 2.231200 ms  DeleteObjects: 0.040500 ms)

Prepare: number of updated asset objects reloaded= 0
AssetImportParameters requested are different than current active one (requested -> active):
  custom:container-demuxer-ogg: 62fdf1f143b41e24485cea50d1cbac27 -> 
  custom:video-decoder-ogg-theora: a1e56fd34408186e4bbccfd4996cb3dc -> 
  custom:framework-win-MediaFoundation: 216162199b28c13a410421893ffa2e32 -> 
  custom:CustomObjectIndexerAttribute: 43b350a4d6e6d1791af0b5038c4bea17 -> 
  custom:container-demuxer-webm: 4f35f7cbe854078d1ac9338744f61a02 -> 
  custom:container-muxer-webm: aa71ff27fc2769a1b78a27578f13a17b -> 
  custom:video-decoder-webm-vp8: 9c59270c3fd7afecdb556c50c9e8de78 -> 
  custom:SearchIndexIgnoredProperties: e643bd26f0fe6173181afceb89e7c659 -> 
  custom:AudioImporter_EditorPlatform: d09bf68614088b80899f8185d706f6e7 -> 
  custom:video-encoder-webm-vp8: eb34c28f22e8b96e1ab97ce403110664 -> 
  custom:audio-decoder-ogg-vorbis: bf7c407c2cedff20999df2af8eb42d56 -> 
  custom:audio-encoder-webm-vorbis: bf7c407c2cedff20999df2af8eb42d56 -> 
========================================================================
Received Prepare
Begin MonoManager ReloadAssembly
- Loaded All Assemblies, in  0.390 seconds
Refreshing native plugins compatible for Editor in 2.58 ms, found 3 plugins.
Native extension for WindowsStandalone target not found
[Package Manager] Server::EnsureServerProcessIsRunning -- launch failed, reason: Unity was launched with the -noUpm command-line argument
[Package Manager] UpmClient::Send -- Unable to send message (not connected to UPM process).
[Package Manager] Cannot connect to Unity Package Manager local server
Mono: successfully reloaded assembly
- Finished resetting the current domain, in  0.844 seconds
Domain Reload Profiling: 1231ms
	BeginReloadAssembly (140ms)
		ExecutionOrderSort (0ms)
		DisableScriptedObjects (5ms)
		BackupInstance (0ms)
		ReleaseScriptingObjects (0ms)
		CreateAndSetChildDomain (30ms)
	RebuildCommonClasses (27ms)
	RebuildNativeTypeToScriptingClass (9ms)
	initialDomainReloadingComplete (28ms)
	LoadAllAssembliesAndSetupDomain (183ms)
		LoadAssemblies (248ms)
		RebuildTransferFunctionScriptingTraits (0ms)
		AnalyzeDomain (10ms)
			TypeCache.Refresh (4ms)
				TypeCache.ScanAssembly (0ms)
			ScanForSourceGeneratedMonoScriptInfo (0ms)
			ResolveRequiredComponents (4ms)
	FinalizeReload (844ms)
		ReleaseScriptCaches (0ms)
		RebuildScriptCaches (0ms)
		SetupLoadedEditorAssemblies (397ms)
			LogAssemblyErrors (0ms)
			InitializePlatformSupportModulesInManaged (7ms)
			SetLoadedEditorAssemblies (4ms)
			RefreshPlugins (0ms)
			BeforeProcessingInitializeOnLoad (61ms)
			ProcessInitializeOnLoadAttributes (296ms)
			ProcessInitializeOnLoadMethodAttributes (18ms)
			AfterProcessingInitializeOnLoad (10ms)
			EditorAssembliesLoaded (0ms)
		ExecutionOrderSort2 (0ms)
		AwakeInstancesAfterBackupRestoration (6ms)
Refreshing native plugins compatible for Editor in 2.79 ms, found 3 plugins.
Preloading 0 native plugins for Editor in 0.00 ms.
Unloading 3523 Unused Serialized files (Serialized files now loaded: 0)
Unloading 24 unused Assets / (31.6 KB). Loaded Objects now: 4041.
Memory consumption went from 153.8 MB to 153.8 MB.
Total: 3.176800 ms (FindLiveObjects: 0.270600 ms CreateObjectMapping: 0.104300 ms MarkObjects: 2.749800 ms  DeleteObjects: 0.051400 ms)

Prepare: number of updated asset objects reloaded= 0
AssetImportParameters requested are different than current active one (requested -> active):
  custom:container-demuxer-ogg: 62fdf1f143b41e24485cea50d1cbac27 -> 
  custom:video-decoder-ogg-theora: a1e56fd34408186e4bbccfd4996cb3dc -> 
  custom:framework-win-MediaFoundation: 216162199b28c13a410421893ffa2e32 -> 
  custom:CustomObjectIndexerAttribute: 43b350a4d6e6d1791af0b5038c4bea17 -> 
  custom:container-demuxer-webm: 4f35f7cbe854078d1ac9338744f61a02 -> 
  custom:container-muxer-webm: aa71ff27fc2769a1b78a27578f13a17b -> 
  custom:video-decoder-webm-vp8: 9c59270c3fd7afecdb556c50c9e8de78 -> 
  custom:SearchIndexIgnoredProperties: e643bd26f0fe6173181afceb89e7c659 -> 
  custom:AudioImporter_EditorPlatform: d09bf68614088b80899f8185d706f6e7 -> 
  custom:video-encoder-webm-vp8: eb34c28f22e8b96e1ab97ce403110664 -> 
  custom:audio-decoder-ogg-vorbis: bf7c407c2cedff20999df2af8eb42d56 -> 
  custom:audio-encoder-webm-vorbis: bf7c407c2cedff20999df2af8eb42d56 -> 
========================================================================
Received Prepare
Begin MonoManager ReloadAssembly
- Loaded All Assemblies, in  0.380 seconds
Refreshing native plugins compatible for Editor in 2.80 ms, found 3 plugins.
Native extension for WindowsStandalone target not found
[Package Manager] Server::EnsureServerProcessIsRunning -- launch failed, reason: Unity was launched with the -noUpm command-line argument
[Package Manager] UpmClient::Send -- Unable to send message (not connected to UPM process).
[Package Manager] Cannot connect to Unity Package Manager local server
Mono: successfully reloaded assembly
- Finished resetting the current domain, in  0.841 seconds
Domain Reload Profiling: 1218ms
	BeginReloadAssembly (143ms)
		ExecutionOrderSort (0ms)
		DisableScriptedObjects (5ms)
		BackupInstance (0ms)
		ReleaseScriptingObjects (0ms)
		CreateAndSetChildDomain (30ms)
	RebuildCommonClasses (27ms)
	RebuildNativeTypeToScriptingClass (8ms)
	initialDomainReloadingComplete (27ms)
	LoadAllAssembliesAndSetupDomain (172ms)
		LoadAssemblies (239ms)
		RebuildTransferFunctionScriptingTraits (0ms)
		AnalyzeDomain (10ms)
			TypeCache.Refresh (4ms)
				TypeCache.ScanAssembly (0ms)
			ScanForSourceGeneratedMonoScriptInfo (0ms)
			ResolveRequiredComponents (4ms)
	FinalizeReload (841ms)
		ReleaseScriptCaches (0ms)
		RebuildScriptCaches (0ms)
		SetupLoadedEditorAssemblies (395ms)
			LogAssemblyErrors (0ms)
			InitializePlatformSupportModulesInManaged (6ms)
			SetLoadedEditorAssemblies (4ms)
			RefreshPlugins (0ms)
			BeforeProcessingInitializeOnLoad (62ms)
			ProcessInitializeOnLoadAttributes (296ms)
			ProcessInitializeOnLoadMethodAttributes (18ms)
			AfterProcessingInitializeOnLoad (10ms)
			EditorAssembliesLoaded (0ms)
		ExecutionOrderSort2 (0ms)
		AwakeInstancesAfterBackupRestoration (5ms)
Refreshing native plugins compatible for Editor in 2.60 ms, found 3 plugins.
Preloading 0 native plugins for Editor in 0.00 ms.
Unloading 3523 Unused Serialized files (Serialized files now loaded: 0)
Unloading 24 unused Assets / (31.6 KB). Loaded Objects now: 4044.
Memory consumption went from 155.8 MB to 155.7 MB.
Total: 2.673900 ms (FindLiveObjects: 0.246300 ms CreateObjectMapping: 0.091700 ms MarkObjects: 2.292000 ms  DeleteObjects: 0.043400 ms)

Prepare: number of updated asset objects reloaded= 0
AssetImportParameters requested are different than current active one (requested -> active):
  custom:container-demuxer-ogg: 62fdf1f143b41e24485cea50d1cbac27 -> 
  custom:video-decoder-ogg-theora: a1e56fd34408186e4bbccfd4996cb3dc -> 
  custom:framework-win-MediaFoundation: 216162199b28c13a410421893ffa2e32 -> 
  custom:CustomObjectIndexerAttribute: 43b350a4d6e6d1791af0b5038c4bea17 -> 
  custom:container-demuxer-webm: 4f35f7cbe854078d1ac9338744f61a02 -> 
  custom:container-muxer-webm: aa71ff27fc2769a1b78a27578f13a17b -> 
  custom:video-decoder-webm-vp8: 9c59270c3fd7afecdb556c50c9e8de78 -> 
  custom:SearchIndexIgnoredProperties: e643bd26f0fe6173181afceb89e7c659 -> 
  custom:AudioImporter_EditorPlatform: d09bf68614088b80899f8185d706f6e7 -> 
  custom:video-encoder-webm-vp8: eb34c28f22e8b96e1ab97ce403110664 -> 
  custom:audio-decoder-ogg-vorbis: bf7c407c2cedff20999df2af8eb42d56 -> 
  custom:audio-encoder-webm-vorbis: bf7c407c2cedff20999df2af8eb42d56 -> 
